<?xml version="1.0" encoding="utf-8"?>
<CoverageSession xmlns:xsd="http://www.w3.org/2001/XMLSchema" xmlns:xsi="http://www.w3.org/2001/XMLSchema-instance">
  <Summary numSequencePoints="1541" visitedSequencePoints="832" numBranchPoints="505" visitedBranchPoints="260" sequenceCoverage="53.99" branchCoverage="51.49" maxCyclomaticComplexity="11" minCyclomaticComplexity="1" visitedClasses="34" numClasses="51" visitedMethods="170" numMethods="321" />
  <Modules>
    <Module skippedDueTo="Filter" hash="F6-70-5A-4A-3D-3B-8F-AB-38-1B-F7-15-8E-65-3E-CC-49-18-6A-EB">
      <ModulePath>C:\Program Files\dotnet\shared\Microsoft.NETCore.App\1.1.2\System.Private.CoreLib.ni.dll</ModulePath>
      <ModuleTime>2017-04-28T09:14:44Z</ModuleTime>
      <ModuleName>System.Private.CoreLib</ModuleName>
      <Classes />
    </Module>
    <Module skippedDueTo="MissingPdb" hash="7C-14-BD-3D-65-43-69-69-E6-BF-9C-5A-33-56-67-FF-47-1A-62-19">
      <ModulePath>C:\Program Files\dotnet\sdk\1.0.4\dotnet.dll</ModulePath>
      <ModuleTime>2017-05-04T12:17:40Z</ModuleTime>
      <ModuleName>dotnet</ModuleName>
      <Classes />
    </Module>
    <Module skippedDueTo="Filter" hash="10-F6-CF-D1-77-DC-83-45-0F-A7-94-89-E8-58-1A-94-0F-2D-39-99">
      <ModulePath>C:\Program Files\dotnet\shared\Microsoft.NETCore.App\1.1.2\System.Runtime.dll</ModulePath>
      <ModuleTime>2017-04-28T09:14:42Z</ModuleTime>
      <ModuleName>System.Runtime</ModuleName>
      <Classes />
    </Module>
    <Module skippedDueTo="Filter" hash="27-FD-01-1F-7F-91-44-AA-26-6D-B2-BA-60-A7-6F-B8-A6-7B-C4-87">
      <ModulePath>C:\Program Files\dotnet\shared\Microsoft.NETCore.App\1.1.2\mscorlib.dll</ModulePath>
      <ModuleTime>2017-04-11T07:56:10Z</ModuleTime>
      <ModuleName>mscorlib</ModuleName>
      <Classes />
    </Module>
    <Module skippedDueTo="MissingPdb" hash="6F-DF-E1-12-55-10-25-92-1E-08-38-99-29-E1-D4-F3-EC-1D-10-42">
      <ModulePath>C:\Program Files\dotnet\sdk\1.0.4\Microsoft.DotNet.Cli.Utils.dll</ModulePath>
      <ModuleTime>2017-05-04T12:17:40Z</ModuleTime>
      <ModuleName>Microsoft.DotNet.Cli.Utils</ModuleName>
      <Classes />
    </Module>
    <Module skippedDueTo="Filter" hash="47-FA-BA-22-0D-94-47-3C-1E-3F-37-5C-92-22-E2-D7-C4-D6-3B-98">
      <ModulePath>C:\Program Files\dotnet\shared\Microsoft.NETCore.App\1.1.2\System.Runtime.Extensions.dll</ModulePath>
      <ModuleTime>2017-04-28T09:14:42Z</ModuleTime>
      <ModuleName>System.Runtime.Extensions</ModuleName>
      <Classes />
    </Module>
    <Module skippedDueTo="Filter" hash="40-BC-A0-8B-FC-4B-6D-93-EC-A2-4F-36-D2-E1-21-59-B7-5F-BB-FF">
      <ModulePath>C:\Program Files\dotnet\shared\Microsoft.NETCore.App\1.1.2\System.Runtime.InteropServices.RuntimeInformation.dll</ModulePath>
      <ModuleTime>2017-04-28T09:14:42Z</ModuleTime>
      <ModuleName>System.Runtime.InteropServices.RuntimeInformation</ModuleName>
      <Classes />
    </Module>
    <Module skippedDueTo="Filter" hash="3B-D7-1E-C0-84-4C-02-CB-97-4A-8E-2A-A0-0A-52-F7-08-D3-F0-8A">
      <ModulePath>C:\Program Files\dotnet\shared\Microsoft.NETCore.App\1.1.2\System.Reflection.Extensions.dll</ModulePath>
      <ModuleTime>2017-04-28T09:14:42Z</ModuleTime>
      <ModuleName>System.Reflection.Extensions</ModuleName>
      <Classes />
    </Module>
    <Module skippedDueTo="Filter" hash="55-88-D6-46-7F-54-65-DB-60-06-A3-82-60-D8-40-FB-BC-EC-D5-81">
      <ModulePath>C:\Program Files\dotnet\shared\Microsoft.NETCore.App\1.1.2\System.Reflection.dll</ModulePath>
      <ModuleTime>2017-04-28T09:14:42Z</ModuleTime>
      <ModuleName>System.Reflection</ModuleName>
      <Classes />
    </Module>
    <Module skippedDueTo="MissingPdb" hash="CD-0E-F9-3C-4B-0E-27-4D-57-01-09-69-41-3A-A0-45-30-28-38-55">
      <ModulePath>C:\Program Files\dotnet\sdk\1.0.4\Microsoft.DotNet.PlatformAbstractions.dll</ModulePath>
      <ModuleTime>2017-05-04T12:17:40Z</ModuleTime>
      <ModuleName>Microsoft.DotNet.PlatformAbstractions</ModuleName>
      <Classes />
    </Module>
    <Module skippedDueTo="Filter" hash="E3-3A-F1-CA-2D-90-BC-45-47-78-DC-4D-07-A5-90-1A-74-68-AC-FE">
      <ModulePath>C:\Program Files\dotnet\shared\Microsoft.NETCore.App\1.1.2\System.Runtime.InteropServices.dll</ModulePath>
      <ModuleTime>2017-04-28T09:14:42Z</ModuleTime>
      <ModuleName>System.Runtime.InteropServices</ModuleName>
      <Classes />
    </Module>
    <Module skippedDueTo="Filter" hash="DB-F6-C2-1A-63-0D-74-B8-1B-CC-5D-59-8D-EA-2C-09-55-13-40-1D">
      <ModulePath>C:\Program Files\dotnet\shared\Microsoft.NETCore.App\1.1.2\System.IO.FileSystem.dll</ModulePath>
      <ModuleTime>2017-04-28T09:14:42Z</ModuleTime>
      <ModuleName>System.IO.FileSystem</ModuleName>
      <Classes />
    </Module>
    <Module skippedDueTo="Filter" hash="78-80-49-A8-7E-78-47-11-2F-9D-DF-26-A7-C7-23-0B-07-D3-78-A0">
      <ModulePath>C:\Program Files\dotnet\shared\Microsoft.NETCore.App\1.1.2\System.IO.FileSystem.Primitives.dll</ModulePath>
      <ModuleTime>2017-04-28T09:14:42Z</ModuleTime>
      <ModuleName>System.IO.FileSystem.Primitives</ModuleName>
      <Classes />
    </Module>
    <Module skippedDueTo="Filter" hash="F3-70-6B-67-DF-E6-5C-1D-D6-F8-AB-B5-FA-33-AD-F0-00-C9-34-CB">
      <ModulePath>C:\Program Files\dotnet\shared\Microsoft.NETCore.App\1.1.2\System.Runtime.Loader.dll</ModulePath>
      <ModuleTime>2017-04-28T09:14:42Z</ModuleTime>
      <ModuleName>System.Runtime.Loader</ModuleName>
      <Classes />
    </Module>
    <Module skippedDueTo="Filter" hash="DA-04-EC-12-00-E2-9D-10-9B-21-EC-08-06-D9-0A-28-F4-F1-8A-2E">
      <ModulePath>C:\Program Files\dotnet\sdk\1.0.4\runtimes\win\lib\netstandard1.3\System.Text.Encoding.CodePages.dll</ModulePath>
      <ModuleTime>2017-05-04T12:17:42Z</ModuleTime>
      <ModuleName>System.Text.Encoding.CodePages</ModuleName>
      <Classes />
    </Module>
    <Module skippedDueTo="Filter" hash="82-AA-AB-21-2D-1F-5A-5D-76-88-BC-99-D2-AE-5F-27-5E-DE-40-3E">
      <ModulePath>C:\Program Files\dotnet\shared\Microsoft.NETCore.App\1.1.2\System.Text.Encoding.dll</ModulePath>
      <ModuleTime>2017-04-28T09:14:44Z</ModuleTime>
      <ModuleName>System.Text.Encoding</ModuleName>
      <Classes />
    </Module>
    <Module skippedDueTo="Filter" hash="69-74-54-38-65-8F-5E-25-7D-73-E4-86-34-E9-E0-BE-CD-BF-2C-3F">
      <ModulePath>C:\Program Files\dotnet\shared\Microsoft.NETCore.App\1.1.2\System.Collections.dll</ModulePath>
      <ModuleTime>2017-04-28T09:14:42Z</ModuleTime>
      <ModuleName>System.Collections</ModuleName>
      <Classes />
    </Module>
    <Module skippedDueTo="Filter" hash="0A-1B-46-F2-8B-9B-C4-F3-5E-D4-87-5E-F5-35-40-B9-57-F5-74-DA">
      <ModulePath>C:\Program Files\dotnet\shared\Microsoft.NETCore.App\1.1.2\System.Threading.dll</ModulePath>
      <ModuleTime>2017-04-28T09:14:44Z</ModuleTime>
      <ModuleName>System.Threading</ModuleName>
      <Classes />
    </Module>
    <Module skippedDueTo="Filter" hash="B2-79-8E-42-79-66-46-E5-BB-FA-80-DB-A4-98-64-E6-F3-34-CE-87">
      <ModulePath>C:\Program Files\dotnet\shared\Microsoft.NETCore.App\1.1.2\System.Collections.Concurrent.dll</ModulePath>
      <ModuleTime>2017-04-28T09:14:42Z</ModuleTime>
      <ModuleName>System.Collections.Concurrent</ModuleName>
      <Classes />
    </Module>
    <Module skippedDueTo="Filter" hash="33-C3-42-45-CA-9E-02-9A-68-90-00-51-45-EF-3F-DB-CF-02-99-86">
      <ModulePath>C:\Program Files\dotnet\shared\Microsoft.NETCore.App\1.1.2\System.Threading.Thread.dll</ModulePath>
      <ModuleTime>2017-04-28T09:14:44Z</ModuleTime>
      <ModuleName>System.Threading.Thread</ModuleName>
      <Classes />
    </Module>
    <Module skippedDueTo="Filter" hash="03-F2-D5-B0-32-D5-7A-CC-E7-42-98-62-D1-42-44-7D-03-75-83-D7">
      <ModulePath>C:\Program Files\dotnet\shared\Microsoft.NETCore.App\1.1.2\System.Diagnostics.Process.dll</ModulePath>
      <ModuleTime>2017-04-28T09:14:42Z</ModuleTime>
      <ModuleName>System.Diagnostics.Process</ModuleName>
      <Classes />
    </Module>
    <Module skippedDueTo="Filter" hash="64-11-3C-D9-70-FD-86-06-19-E7-CE-BB-44-52-18-81-48-85-9C-CA">
      <ModulePath>C:\Program Files\dotnet\shared\Microsoft.NETCore.App\1.1.2\System.Linq.dll</ModulePath>
      <ModuleTime>2017-04-28T09:14:42Z</ModuleTime>
      <ModuleName>System.Linq</ModuleName>
      <Classes />
    </Module>
    <Module skippedDueTo="MissingPdb" hash="6B-C9-1F-44-F1-C2-4C-98-F5-A5-19-B8-2A-70-08-48-3F-5A-A7-35">
      <ModulePath>C:\Program Files\dotnet\sdk\1.0.4\Microsoft.DotNet.Configurer.dll</ModulePath>
      <ModuleTime>2017-05-04T12:17:40Z</ModuleTime>
      <ModuleName>Microsoft.DotNet.Configurer</ModuleName>
      <Classes />
    </Module>
    <Module skippedDueTo="MissingPdb" hash="5F-C1-69-74-13-72-C8-69-40-24-F1-02-2D-13-C9-8A-F8-69-8C-40">
      <ModulePath>C:\Program Files\dotnet\sdk\1.0.4\Microsoft.DotNet.InternalAbstractions.dll</ModulePath>
      <ModuleTime>2017-05-04T12:17:40Z</ModuleTime>
      <ModuleName>Microsoft.DotNet.InternalAbstractions</ModuleName>
      <Classes />
    </Module>
    <Module skippedDueTo="MissingPdb" hash="C8-79-5B-B1-CD-2D-1C-1E-B3-60-B0-0A-AD-AD-19-80-70-7C-AC-BF">
      <ModulePath>C:\Program Files\dotnet\sdk\1.0.4\NuGet.Configuration.dll</ModulePath>
      <ModuleTime>2017-05-04T12:17:42Z</ModuleTime>
      <ModuleName>NuGet.Configuration</ModuleName>
      <Classes />
    </Module>
    <Module skippedDueTo="MissingPdb" hash="D9-93-DE-EF-CB-9F-82-97-40-07-79-FE-CC-B3-06-E2-BB-2F-5B-EA">
      <ModulePath>C:\Program Files\dotnet\sdk\1.0.4\NuGet.Common.dll</ModulePath>
      <ModuleTime>2017-05-04T12:17:42Z</ModuleTime>
      <ModuleName>NuGet.Common</ModuleName>
      <Classes />
    </Module>
    <Module skippedDueTo="Filter" hash="78-5D-99-A3-90-D6-7D-1F-16-D9-6A-06-F5-95-F6-71-7F-58-02-21">
      <ModulePath>C:\Program Files\dotnet\shared\Microsoft.NETCore.App\1.1.2\System.IO.dll</ModulePath>
      <ModuleTime>2017-04-28T09:14:42Z</ModuleTime>
      <ModuleName>System.IO</ModuleName>
      <Classes />
    </Module>
    <Module skippedDueTo="Filter" hash="2E-39-08-79-1D-C2-AA-88-46-E8-43-52-C6-3E-D7-EE-D5-96-CD-89">
      <ModulePath>C:\Program Files\dotnet\shared\Microsoft.NETCore.App\1.1.2\System.Threading.Tasks.dll</ModulePath>
      <ModuleTime>2017-04-28T09:14:44Z</ModuleTime>
      <ModuleName>System.Threading.Tasks</ModuleName>
      <Classes />
    </Module>
    <Module skippedDueTo="Filter" hash="34-9D-BB-FA-81-DE-34-62-81-3C-68-2E-DC-4F-D3-D4-0F-DC-3F-80">
      <ModulePath>C:\Program Files\dotnet\shared\Microsoft.NETCore.App\1.1.2\System.Runtime.Handles.dll</ModulePath>
      <ModuleTime>2017-04-28T09:14:42Z</ModuleTime>
      <ModuleName>System.Runtime.Handles</ModuleName>
      <Classes />
    </Module>
    <Module skippedDueTo="MissingPdb" hash="C0-D8-45-31-3B-9C-4A-3F-E2-70-00-F7-00-97-BB-C9-87-01-BA-45">
      <ModulePath>C:\Program Files\dotnet\sdk\1.0.4\NuGet.Frameworks.dll</ModulePath>
      <ModuleTime>2017-05-04T12:17:42Z</ModuleTime>
      <ModuleName>NuGet.Frameworks</ModuleName>
      <Classes />
    </Module>
    <Module skippedDueTo="MissingPdb" hash="68-4F-FC-19-75-79-30-9B-C6-B1-01-25-47-BD-20-D8-D4-30-C9-1D">
      <ModulePath>C:\Program Files\dotnet\sdk\1.0.4\Microsoft.ApplicationInsights.dll</ModulePath>
      <ModuleTime>2017-05-04T12:17:40Z</ModuleTime>
      <ModuleName>Microsoft.ApplicationInsights</ModuleName>
      <Classes />
    </Module>
    <Module skippedDueTo="Filter" hash="38-39-1F-62-2B-DA-FD-5B-F5-3F-96-7D-3E-21-2F-AB-54-22-A0-44">
      <ModulePath>C:\Program Files\dotnet\shared\Microsoft.NETCore.App\1.1.2\System.Text.RegularExpressions.dll</ModulePath>
      <ModuleTime>2017-04-28T09:14:44Z</ModuleTime>
      <ModuleName>System.Text.RegularExpressions</ModuleName>
      <Classes />
    </Module>
    <Module skippedDueTo="Filter" hash="6C-69-37-07-42-15-E1-41-36-7E-A8-CD-A5-6A-B0-A5-3F-62-F6-B8">
      <ModulePath>C:\Program Files\dotnet\shared\Microsoft.NETCore.App\1.1.2\System.Globalization.dll</ModulePath>
      <ModuleTime>2017-04-28T09:14:42Z</ModuleTime>
      <ModuleName>System.Globalization</ModuleName>
      <Classes />
    </Module>
    <Module skippedDueTo="Filter" hash="0E-BC-DB-EA-6F-B6-35-F8-FE-F1-FE-47-90-D0-5B-FC-48-37-64-15">
      <ModulePath>C:\Program Files\dotnet\shared\Microsoft.NETCore.App\1.1.2\System.Xml.XDocument.dll</ModulePath>
      <ModuleTime>2017-04-28T09:14:44Z</ModuleTime>
      <ModuleName>System.Xml.XDocument</ModuleName>
      <Classes />
    </Module>
    <Module skippedDueTo="Filter" hash="3A-59-23-69-14-25-FD-1A-2B-F8-46-11-A9-A9-27-E3-DB-04-E6-3A">
      <ModulePath>C:\Program Files\dotnet\shared\Microsoft.NETCore.App\1.1.2\System.Diagnostics.Tracing.dll</ModulePath>
      <ModuleTime>2017-04-28T09:14:42Z</ModuleTime>
      <ModuleName>System.Diagnostics.Tracing</ModuleName>
      <Classes />
    </Module>
    <Module skippedDueTo="Filter" hash="EC-3F-DD-FA-6A-85-25-D4-08-20-13-BB-37-41-01-E4-CC-7E-77-18">
      <ModulePath>C:\Program Files\dotnet\shared\Microsoft.NETCore.App\1.1.2\System.Private.Uri.dll</ModulePath>
      <ModuleTime>2017-04-28T09:14:42Z</ModuleTime>
      <ModuleName>System.Private.Uri</ModuleName>
      <Classes />
    </Module>
    <Module skippedDueTo="MissingPdb" hash="2C-C0-50-46-90-A8-A1-D6-EB-02-51-A8-52-5F-72-2B-B6-9E-3B-06">
      <ModulePath>C:\Program Files\dotnet\sdk\1.0.4\Microsoft.Build.Utilities.Core.dll</ModulePath>
      <ModuleTime>2017-05-04T12:17:40Z</ModuleTime>
      <ModuleName>Microsoft.Build.Utilities.Core</ModuleName>
      <Classes />
    </Module>
    <Module skippedDueTo="MissingPdb" hash="2E-9C-4F-C8-C5-63-7E-0C-9E-66-DC-25-79-DE-D3-0C-0C-64-60-9B">
      <ModulePath>C:\Program Files\dotnet\sdk\1.0.4\Microsoft.Build.Framework.dll</ModulePath>
      <ModuleTime>2017-05-04T12:17:40Z</ModuleTime>
      <ModuleName>Microsoft.Build.Framework</ModuleName>
      <Classes />
    </Module>
    <Module skippedDueTo="Filter" hash="84-8C-9D-01-05-23-E5-1B-ED-E4-38-4D-23-48-BB-27-E3-CA-C3-A6">
      <ModulePath>C:\Program Files\dotnet\shared\Microsoft.NETCore.App\1.1.2\System.AppContext.dll</ModulePath>
      <ModuleTime>2017-04-28T09:14:42Z</ModuleTime>
      <ModuleName>System.AppContext</ModuleName>
      <Classes />
    </Module>
    <Module skippedDueTo="Filter" hash="95-31-50-64-C3-65-6D-48-52-4C-C6-2C-74-B2-97-E9-97-84-AD-8A">
      <ModulePath>C:\Program Files\dotnet\shared\Microsoft.NETCore.App\1.1.2\System.Diagnostics.Tools.dll</ModulePath>
      <ModuleTime>2017-04-28T09:14:42Z</ModuleTime>
      <ModuleName>System.Diagnostics.Tools</ModuleName>
      <Classes />
    </Module>
    <Module skippedDueTo="Filter" hash="52-77-66-37-0D-AA-14-35-AB-03-CA-BD-69-1B-BB-CA-25-A0-A2-0F">
      <ModulePath>C:\Program Files\dotnet\shared\Microsoft.NETCore.App\1.1.2\System.Diagnostics.Debug.dll</ModulePath>
      <ModuleTime>2017-04-28T09:14:42Z</ModuleTime>
      <ModuleName>System.Diagnostics.Debug</ModuleName>
      <Classes />
    </Module>
    <Module skippedDueTo="Filter" hash="0D-98-EB-0F-BD-11-84-BB-29-71-B0-04-62-CB-D0-01-DD-9D-54-D0">
      <ModulePath>C:\Program Files\dotnet\shared\Microsoft.NETCore.App\1.1.2\System.IO.Compression.dll</ModulePath>
      <ModuleTime>2017-04-28T09:14:42Z</ModuleTime>
      <ModuleName>System.IO.Compression</ModuleName>
      <Classes />
    </Module>
    <Module skippedDueTo="Filter" hash="CC-99-C9-08-66-31-C3-65-73-4B-3D-54-80-D9-17-F0-A3-79-96-74">
      <ModulePath>C:\Program Files\dotnet\shared\Microsoft.NETCore.App\1.1.2\System.Text.Encoding.Extensions.dll</ModulePath>
      <ModuleTime>2017-04-28T09:14:44Z</ModuleTime>
      <ModuleName>System.Text.Encoding.Extensions</ModuleName>
      <Classes />
    </Module>
    <Module skippedDueTo="Filter" hash="14-B7-8E-89-03-6B-78-3E-65-DB-01-95-27-A3-32-28-1E-E1-0E-99">
      <ModulePath>C:\Program Files\dotnet\shared\Microsoft.NETCore.App\1.1.2\System.Net.Http.dll</ModulePath>
      <ModuleTime>2017-04-28T09:14:42Z</ModuleTime>
      <ModuleName>System.Net.Http</ModuleName>
      <Classes />
    </Module>
    <Module skippedDueTo="Filter" hash="34-85-75-44-A7-36-1B-6D-22-E4-EA-F9-09-00-64-27-00-C0-D3-0B">
      <ModulePath>C:\Program Files\dotnet\shared\Microsoft.NETCore.App\1.1.2\System.Net.Primitives.dll</ModulePath>
      <ModuleTime>2017-04-28T09:14:42Z</ModuleTime>
      <ModuleName>System.Net.Primitives</ModuleName>
      <Classes />
    </Module>
    <Module skippedDueTo="Filter" hash="5A-10-EA-53-BB-1B-3C-B2-46-74-D0-23-43-23-B3-38-78-63-91-7A">
      <ModulePath>C:\Program Files\dotnet\shared\Microsoft.NETCore.App\1.1.2\System.Diagnostics.DiagnosticSource.dll</ModulePath>
      <ModuleTime>2017-04-28T09:14:42Z</ModuleTime>
      <ModuleName>System.Diagnostics.DiagnosticSource</ModuleName>
      <Classes />
    </Module>
    <Module skippedDueTo="Filter" hash="21-C9-8D-C8-5E-B8-B6-CC-1F-B3-BD-23-47-20-71-4E-30-6B-56-9B">
      <ModulePath>C:\Program Files\dotnet\shared\Microsoft.NETCore.App\1.1.2\System.Security.Cryptography.X509Certificates.dll</ModulePath>
      <ModuleTime>2017-04-28T09:14:44Z</ModuleTime>
      <ModuleName>System.Security.Cryptography.X509Certificates</ModuleName>
      <Classes />
    </Module>
    <Module skippedDueTo="Filter" hash="F6-70-5A-4A-3D-3B-8F-AB-38-1B-F7-15-8E-65-3E-CC-49-18-6A-EB">
      <ModulePath>C:\Program Files\dotnet\shared\Microsoft.NETCore.App\1.1.2\System.Private.CoreLib.ni.dll</ModulePath>
      <ModuleTime>2017-04-28T09:14:44Z</ModuleTime>
      <ModuleName>System.Private.CoreLib</ModuleName>
      <Classes />
    </Module>
    <Module skippedDueTo="MissingPdb" hash="92-3A-A0-1E-C0-A4-51-94-88-6C-76-D2-0F-2B-EF-F7-25-4B-F7-9E">
      <ModulePath>C:\Program Files\dotnet\sdk\1.0.4\MSBuild.dll</ModulePath>
      <ModuleTime>2017-05-04T12:17:42Z</ModuleTime>
      <ModuleName>MSBuild</ModuleName>
      <Classes />
    </Module>
    <Module skippedDueTo="Filter" hash="10-F6-CF-D1-77-DC-83-45-0F-A7-94-89-E8-58-1A-94-0F-2D-39-99">
      <ModulePath>C:\Program Files\dotnet\shared\Microsoft.NETCore.App\1.1.2\System.Runtime.dll</ModulePath>
      <ModuleTime>2017-04-28T09:14:42Z</ModuleTime>
      <ModuleName>System.Runtime</ModuleName>
      <Classes />
    </Module>
    <Module skippedDueTo="Filter" hash="27-FD-01-1F-7F-91-44-AA-26-6D-B2-BA-60-A7-6F-B8-A6-7B-C4-87">
      <ModulePath>C:\Program Files\dotnet\shared\Microsoft.NETCore.App\1.1.2\mscorlib.dll</ModulePath>
      <ModuleTime>2017-04-11T07:56:10Z</ModuleTime>
      <ModuleName>mscorlib</ModuleName>
      <Classes />
    </Module>
    <Module skippedDueTo="Filter" hash="0A-1B-46-F2-8B-9B-C4-F3-5E-D4-87-5E-F5-35-40-B9-57-F5-74-DA">
      <ModulePath>C:\Program Files\dotnet\shared\Microsoft.NETCore.App\1.1.2\System.Threading.dll</ModulePath>
      <ModuleTime>2017-04-28T09:14:44Z</ModuleTime>
      <ModuleName>System.Threading</ModuleName>
      <Classes />
    </Module>
    <Module skippedDueTo="Filter" hash="55-88-D6-46-7F-54-65-DB-60-06-A3-82-60-D8-40-FB-BC-EC-D5-81">
      <ModulePath>C:\Program Files\dotnet\shared\Microsoft.NETCore.App\1.1.2\System.Reflection.dll</ModulePath>
      <ModuleTime>2017-04-28T09:14:42Z</ModuleTime>
      <ModuleName>System.Reflection</ModuleName>
      <Classes />
    </Module>
    <Module skippedDueTo="Filter" hash="48-CD-A8-F1-07-2A-81-32-33-9D-D3-62-EE-F0-D2-38-D3-6C-96-AD">
      <ModulePath>C:\Program Files\dotnet\shared\Microsoft.NETCore.App\1.1.2\System.Reflection.TypeExtensions.dll</ModulePath>
      <ModuleTime>2017-04-28T09:14:42Z</ModuleTime>
      <ModuleName>System.Reflection.TypeExtensions</ModuleName>
      <Classes />
    </Module>
    <Module skippedDueTo="Filter" hash="47-FA-BA-22-0D-94-47-3C-1E-3F-37-5C-92-22-E2-D7-C4-D6-3B-98">
      <ModulePath>C:\Program Files\dotnet\shared\Microsoft.NETCore.App\1.1.2\System.Runtime.Extensions.dll</ModulePath>
      <ModuleTime>2017-04-28T09:14:42Z</ModuleTime>
      <ModuleName>System.Runtime.Extensions</ModuleName>
      <Classes />
    </Module>
    <Module skippedDueTo="Filter" hash="03-F2-D5-B0-32-D5-7A-CC-E7-42-98-62-D1-42-44-7D-03-75-83-D7">
      <ModulePath>C:\Program Files\dotnet\shared\Microsoft.NETCore.App\1.1.2\System.Diagnostics.Process.dll</ModulePath>
      <ModuleTime>2017-04-28T09:14:42Z</ModuleTime>
      <ModuleName>System.Diagnostics.Process</ModuleName>
      <Classes />
    </Module>
    <Module skippedDueTo="Filter" hash="E3-3A-F1-CA-2D-90-BC-45-47-78-DC-4D-07-A5-90-1A-74-68-AC-FE">
      <ModulePath>C:\Program Files\dotnet\shared\Microsoft.NETCore.App\1.1.2\System.Runtime.InteropServices.dll</ModulePath>
      <ModuleTime>2017-04-28T09:14:42Z</ModuleTime>
      <ModuleName>System.Runtime.InteropServices</ModuleName>
      <Classes />
    </Module>
    <Module skippedDueTo="Filter" hash="34-9D-BB-FA-81-DE-34-62-81-3C-68-2E-DC-4F-D3-D4-0F-DC-3F-80">
      <ModulePath>C:\Program Files\dotnet\shared\Microsoft.NETCore.App\1.1.2\System.Runtime.Handles.dll</ModulePath>
      <ModuleTime>2017-04-28T09:14:42Z</ModuleTime>
      <ModuleName>System.Runtime.Handles</ModuleName>
      <Classes />
    </Module>
    <Module skippedDueTo="Filter" hash="69-74-54-38-65-8F-5E-25-7D-73-E4-86-34-E9-E0-BE-CD-BF-2C-3F">
      <ModulePath>C:\Program Files\dotnet\shared\Microsoft.NETCore.App\1.1.2\System.Collections.dll</ModulePath>
      <ModuleTime>2017-04-28T09:14:42Z</ModuleTime>
      <ModuleName>System.Collections</ModuleName>
      <Classes />
    </Module>
    <Module skippedDueTo="Filter" hash="64-11-3C-D9-70-FD-86-06-19-E7-CE-BB-44-52-18-81-48-85-9C-CA">
      <ModulePath>C:\Program Files\dotnet\shared\Microsoft.NETCore.App\1.1.2\System.Linq.dll</ModulePath>
      <ModuleTime>2017-04-28T09:14:42Z</ModuleTime>
      <ModuleName>System.Linq</ModuleName>
      <Classes />
    </Module>
    <Module skippedDueTo="Filter" hash="40-BC-A0-8B-FC-4B-6D-93-EC-A2-4F-36-D2-E1-21-59-B7-5F-BB-FF">
      <ModulePath>C:\Program Files\dotnet\shared\Microsoft.NETCore.App\1.1.2\System.Runtime.InteropServices.RuntimeInformation.dll</ModulePath>
      <ModuleTime>2017-04-28T09:14:42Z</ModuleTime>
      <ModuleName>System.Runtime.InteropServices.RuntimeInformation</ModuleName>
      <Classes />
    </Module>
    <Module skippedDueTo="Filter" hash="38-39-1F-62-2B-DA-FD-5B-F5-3F-96-7D-3E-21-2F-AB-54-22-A0-44">
      <ModulePath>C:\Program Files\dotnet\shared\Microsoft.NETCore.App\1.1.2\System.Text.RegularExpressions.dll</ModulePath>
      <ModuleTime>2017-04-28T09:14:44Z</ModuleTime>
      <ModuleName>System.Text.RegularExpressions</ModuleName>
      <Classes />
    </Module>
    <Module skippedDueTo="Filter" hash="DB-F6-C2-1A-63-0D-74-B8-1B-CC-5D-59-8D-EA-2C-09-55-13-40-1D">
      <ModulePath>C:\Program Files\dotnet\shared\Microsoft.NETCore.App\1.1.2\System.IO.FileSystem.dll</ModulePath>
      <ModuleTime>2017-04-28T09:14:42Z</ModuleTime>
      <ModuleName>System.IO.FileSystem</ModuleName>
      <Classes />
    </Module>
    <Module skippedDueTo="Filter" hash="78-80-49-A8-7E-78-47-11-2F-9D-DF-26-A7-C7-23-0B-07-D3-78-A0">
      <ModulePath>C:\Program Files\dotnet\shared\Microsoft.NETCore.App\1.1.2\System.IO.FileSystem.Primitives.dll</ModulePath>
      <ModuleTime>2017-04-28T09:14:42Z</ModuleTime>
      <ModuleName>System.IO.FileSystem.Primitives</ModuleName>
      <Classes />
    </Module>
    <Module skippedDueTo="Filter" hash="6C-69-37-07-42-15-E1-41-36-7E-A8-CD-A5-6A-B0-A5-3F-62-F6-B8">
      <ModulePath>C:\Program Files\dotnet\shared\Microsoft.NETCore.App\1.1.2\System.Globalization.dll</ModulePath>
      <ModuleTime>2017-04-28T09:14:42Z</ModuleTime>
      <ModuleName>System.Globalization</ModuleName>
      <Classes />
    </Module>
    <Module skippedDueTo="MissingPdb" hash="2E-9C-4F-C8-C5-63-7E-0C-9E-66-DC-25-79-DE-D3-0C-0C-64-60-9B">
      <ModulePath>C:\Program Files\dotnet\sdk\1.0.4\Microsoft.Build.Framework.dll</ModulePath>
      <ModuleTime>2017-05-04T12:17:40Z</ModuleTime>
      <ModuleName>Microsoft.Build.Framework</ModuleName>
      <Classes />
    </Module>
    <Module skippedDueTo="Filter" hash="D8-9C-DB-90-B6-A6-96-ED-46-4A-C7-83-61-D8-89-3C-5D-D0-66-B7">
      <ModulePath>C:\Program Files\dotnet\shared\Microsoft.NETCore.App\1.1.2\System.Console.dll</ModulePath>
      <ModuleTime>2017-04-28T09:14:42Z</ModuleTime>
      <ModuleName>System.Console</ModuleName>
      <Classes />
    </Module>
    <Module skippedDueTo="Filter" hash="F7-8F-A4-2F-64-69-5F-F0-AB-EF-BD-9A-D5-ED-C0-80-DE-EB-A0-60">
      <ModulePath>C:\Program Files\dotnet\sdk\1.0.4\System.Collections.NonGeneric.dll</ModulePath>
      <ModuleTime>2017-05-04T12:17:42Z</ModuleTime>
      <ModuleName>System.Collections.NonGeneric</ModuleName>
      <Classes />
    </Module>
    <Module skippedDueTo="MissingPdb" hash="DC-5E-37-60-24-34-D8-6D-95-28-1E-67-1B-8C-55-71-CB-2E-F7-63">
      <ModulePath>C:\Program Files\dotnet\sdk\1.0.4\Microsoft.Build.dll</ModulePath>
      <ModuleTime>2017-05-04T12:17:40Z</ModuleTime>
      <ModuleName>Microsoft.Build</ModuleName>
      <Classes />
    </Module>
    <Module skippedDueTo="Filter" hash="B2-79-8E-42-79-66-46-E5-BB-FA-80-DB-A4-98-64-E6-F3-34-CE-87">
      <ModulePath>C:\Program Files\dotnet\shared\Microsoft.NETCore.App\1.1.2\System.Collections.Concurrent.dll</ModulePath>
      <ModuleTime>2017-04-28T09:14:42Z</ModuleTime>
      <ModuleName>System.Collections.Concurrent</ModuleName>
      <Classes />
    </Module>
    <Module skippedDueTo="MissingPdb" hash="7C-14-BD-3D-65-43-69-69-E6-BF-9C-5A-33-56-67-FF-47-1A-62-19">
      <ModulePath>C:\Program Files\dotnet\sdk\1.0.4\dotnet.dll</ModulePath>
      <ModuleTime>2017-05-04T12:17:40Z</ModuleTime>
      <ModuleName>dotnet</ModuleName>
      <Classes />
    </Module>
    <Module skippedDueTo="MissingPdb" hash="2C-C0-50-46-90-A8-A1-D6-EB-02-51-A8-52-5F-72-2B-B6-9E-3B-06">
      <ModulePath>C:\Program Files\dotnet\sdk\1.0.4\Microsoft.Build.Utilities.Core.dll</ModulePath>
      <ModuleTime>2017-05-04T12:17:40Z</ModuleTime>
      <ModuleName>Microsoft.Build.Utilities.Core</ModuleName>
      <Classes />
    </Module>
    <Module skippedDueTo="MissingPdb" hash="6F-DF-E1-12-55-10-25-92-1E-08-38-99-29-E1-D4-F3-EC-1D-10-42">
      <ModulePath>C:\Program Files\dotnet\sdk\1.0.4\Microsoft.DotNet.Cli.Utils.dll</ModulePath>
      <ModuleTime>2017-05-04T12:17:40Z</ModuleTime>
      <ModuleName>Microsoft.DotNet.Cli.Utils</ModuleName>
      <Classes />
    </Module>
    <Module skippedDueTo="MissingPdb" hash="C0-D8-45-31-3B-9C-4A-3F-E2-70-00-F7-00-97-BB-C9-87-01-BA-45">
      <ModulePath>C:\Program Files\dotnet\sdk\1.0.4\NuGet.Frameworks.dll</ModulePath>
      <ModuleTime>2017-05-04T12:17:42Z</ModuleTime>
      <ModuleName>NuGet.Frameworks</ModuleName>
      <Classes />
    </Module>
    <Module skippedDueTo="Filter" hash="3B-D7-1E-C0-84-4C-02-CB-97-4A-8E-2A-A0-0A-52-F7-08-D3-F0-8A">
      <ModulePath>C:\Program Files\dotnet\shared\Microsoft.NETCore.App\1.1.2\System.Reflection.Extensions.dll</ModulePath>
      <ModuleTime>2017-04-28T09:14:42Z</ModuleTime>
      <ModuleName>System.Reflection.Extensions</ModuleName>
      <Classes />
    </Module>
    <Module skippedDueTo="MissingPdb" hash="6B-C9-1F-44-F1-C2-4C-98-F5-A5-19-B8-2A-70-08-48-3F-5A-A7-35">
      <ModulePath>C:\Program Files\dotnet\sdk\1.0.4\Microsoft.DotNet.Configurer.dll</ModulePath>
      <ModuleTime>2017-05-04T12:17:40Z</ModuleTime>
      <ModuleName>Microsoft.DotNet.Configurer</ModuleName>
      <Classes />
    </Module>
    <Module skippedDueTo="MissingPdb" hash="5F-C1-69-74-13-72-C8-69-40-24-F1-02-2D-13-C9-8A-F8-69-8C-40">
      <ModulePath>C:\Program Files\dotnet\sdk\1.0.4\Microsoft.DotNet.InternalAbstractions.dll</ModulePath>
      <ModuleTime>2017-05-04T12:17:40Z</ModuleTime>
      <ModuleName>Microsoft.DotNet.InternalAbstractions</ModuleName>
      <Classes />
    </Module>
    <Module skippedDueTo="MissingPdb" hash="C8-79-5B-B1-CD-2D-1C-1E-B3-60-B0-0A-AD-AD-19-80-70-7C-AC-BF">
      <ModulePath>C:\Program Files\dotnet\sdk\1.0.4\NuGet.Configuration.dll</ModulePath>
      <ModuleTime>2017-05-04T12:17:42Z</ModuleTime>
      <ModuleName>NuGet.Configuration</ModuleName>
      <Classes />
    </Module>
    <Module skippedDueTo="MissingPdb" hash="D9-93-DE-EF-CB-9F-82-97-40-07-79-FE-CC-B3-06-E2-BB-2F-5B-EA">
      <ModulePath>C:\Program Files\dotnet\sdk\1.0.4\NuGet.Common.dll</ModulePath>
      <ModuleTime>2017-05-04T12:17:42Z</ModuleTime>
      <ModuleName>NuGet.Common</ModuleName>
      <Classes />
    </Module>
    <Module skippedDueTo="Filter" hash="78-5D-99-A3-90-D6-7D-1F-16-D9-6A-06-F5-95-F6-71-7F-58-02-21">
      <ModulePath>C:\Program Files\dotnet\shared\Microsoft.NETCore.App\1.1.2\System.IO.dll</ModulePath>
      <ModuleTime>2017-04-28T09:14:42Z</ModuleTime>
      <ModuleName>System.IO</ModuleName>
      <Classes />
    </Module>
    <Module skippedDueTo="Filter" hash="2E-39-08-79-1D-C2-AA-88-46-E8-43-52-C6-3E-D7-EE-D5-96-CD-89">
      <ModulePath>C:\Program Files\dotnet\shared\Microsoft.NETCore.App\1.1.2\System.Threading.Tasks.dll</ModulePath>
      <ModuleTime>2017-04-28T09:14:44Z</ModuleTime>
      <ModuleName>System.Threading.Tasks</ModuleName>
      <Classes />
    </Module>
    <Module skippedDueTo="Filter" hash="82-AA-AB-21-2D-1F-5A-5D-76-88-BC-99-D2-AE-5F-27-5E-DE-40-3E">
      <ModulePath>C:\Program Files\dotnet\shared\Microsoft.NETCore.App\1.1.2\System.Text.Encoding.dll</ModulePath>
      <ModuleTime>2017-04-28T09:14:44Z</ModuleTime>
      <ModuleName>System.Text.Encoding</ModuleName>
      <Classes />
    </Module>
    <Module skippedDueTo="Filter" hash="CC-99-C9-08-66-31-C3-65-73-4B-3D-54-80-D9-17-F0-A3-79-96-74">
      <ModulePath>C:\Program Files\dotnet\shared\Microsoft.NETCore.App\1.1.2\System.Text.Encoding.Extensions.dll</ModulePath>
      <ModuleTime>2017-04-28T09:14:44Z</ModuleTime>
      <ModuleName>System.Text.Encoding.Extensions</ModuleName>
      <Classes />
    </Module>
    <Module skippedDueTo="MissingPdb" hash="CD-0E-F9-3C-4B-0E-27-4D-57-01-09-69-41-3A-A0-45-30-28-38-55">
      <ModulePath>C:\Program Files\dotnet\sdk\1.0.4\Microsoft.DotNet.PlatformAbstractions.dll</ModulePath>
      <ModuleTime>2017-05-04T12:17:40Z</ModuleTime>
      <ModuleName>Microsoft.DotNet.PlatformAbstractions</ModuleName>
      <Classes />
    </Module>
    <Module skippedDueTo="MissingPdb" hash="68-4F-FC-19-75-79-30-9B-C6-B1-01-25-47-BD-20-D8-D4-30-C9-1D">
      <ModulePath>C:\Program Files\dotnet\sdk\1.0.4\Microsoft.ApplicationInsights.dll</ModulePath>
      <ModuleTime>2017-05-04T12:17:40Z</ModuleTime>
      <ModuleName>Microsoft.ApplicationInsights</ModuleName>
      <Classes />
    </Module>
    <Module skippedDueTo="Filter" hash="0E-BC-DB-EA-6F-B6-35-F8-FE-F1-FE-47-90-D0-5B-FC-48-37-64-15">
      <ModulePath>C:\Program Files\dotnet\shared\Microsoft.NETCore.App\1.1.2\System.Xml.XDocument.dll</ModulePath>
      <ModuleTime>2017-04-28T09:14:44Z</ModuleTime>
      <ModuleName>System.Xml.XDocument</ModuleName>
      <Classes />
    </Module>
    <Module skippedDueTo="Filter" hash="3A-59-23-69-14-25-FD-1A-2B-F8-46-11-A9-A9-27-E3-DB-04-E6-3A">
      <ModulePath>C:\Program Files\dotnet\shared\Microsoft.NETCore.App\1.1.2\System.Diagnostics.Tracing.dll</ModulePath>
      <ModuleTime>2017-04-28T09:14:42Z</ModuleTime>
      <ModuleName>System.Diagnostics.Tracing</ModuleName>
      <Classes />
    </Module>
    <Module skippedDueTo="Filter" hash="EC-3F-DD-FA-6A-85-25-D4-08-20-13-BB-37-41-01-E4-CC-7E-77-18">
      <ModulePath>C:\Program Files\dotnet\shared\Microsoft.NETCore.App\1.1.2\System.Private.Uri.dll</ModulePath>
      <ModuleTime>2017-04-28T09:14:42Z</ModuleTime>
      <ModuleName>System.Private.Uri</ModuleName>
      <Classes />
    </Module>
    <Module skippedDueTo="Filter" hash="BA-85-18-37-1F-3E-E8-7F-BA-F2-C9-40-E1-5C-6E-4E-E4-59-E9-DD">
      <ModulePath>C:\Program Files\dotnet\shared\Microsoft.NETCore.App\1.1.2\System.Threading.Tasks.Dataflow.dll</ModulePath>
      <ModuleTime>2017-04-28T09:14:44Z</ModuleTime>
      <ModuleName>System.Threading.Tasks.Dataflow</ModuleName>
      <Classes />
    </Module>
    <Module skippedDueTo="Filter" hash="56-E7-FE-76-AE-7C-2C-1F-18-49-23-EF-CB-03-07-CF-59-B2-70-00">
      <ModulePath>C:\Program Files\dotnet\shared\Microsoft.NETCore.App\1.1.2\System.Resources.ResourceManager.dll</ModulePath>
      <ModuleTime>2017-04-28T09:14:42Z</ModuleTime>
      <ModuleName>System.Resources.ResourceManager</ModuleName>
      <Classes />
    </Module>
    <Module skippedDueTo="Filter" hash="0C-9C-6E-C8-BB-14-8F-D9-84-AB-05-C3-62-92-0B-D2-DD-A3-CF-F7">
      <ModulePath>C:\Program Files\dotnet\shared\Microsoft.NETCore.App\1.1.2\System.ObjectModel.dll</ModulePath>
      <ModuleTime>2017-04-28T09:14:42Z</ModuleTime>
      <ModuleName>System.ObjectModel</ModuleName>
      <Classes />
    </Module>
    <Module skippedDueTo="Filter" hash="33-C3-42-45-CA-9E-02-9A-68-90-00-51-45-EF-3F-DB-CF-02-99-86">
      <ModulePath>C:\Program Files\dotnet\shared\Microsoft.NETCore.App\1.1.2\System.Threading.Thread.dll</ModulePath>
      <ModuleTime>2017-04-28T09:14:44Z</ModuleTime>
      <ModuleName>System.Threading.Thread</ModuleName>
      <Classes />
    </Module>
    <Module skippedDueTo="Filter" hash="ED-44-0C-52-83-56-5A-A4-F7-3F-CF-A6-14-00-2E-CC-69-29-77-45">
      <ModulePath>C:\Program Files\dotnet\shared\Microsoft.NETCore.App\1.1.2\System.Xml.ReaderWriter.dll</ModulePath>
      <ModuleTime>2017-04-28T09:14:44Z</ModuleTime>
      <ModuleName>System.Xml.ReaderWriter</ModuleName>
      <Classes />
    </Module>
    <Module skippedDueTo="Filter" hash="E4-36-B3-6D-2F-DC-ED-1B-71-D0-E0-50-BC-D8-57-EE-3E-42-E7-93">
      <ModulePath>C:\Program Files\dotnet\sdk\1.0.4\System.Xml.XmlDocument.dll</ModulePath>
      <ModuleTime>2017-05-04T12:17:42Z</ModuleTime>
      <ModuleName>System.Xml.XmlDocument</ModuleName>
      <Classes />
    </Module>
    <Module skippedDueTo="Filter" hash="BC-CE-1D-B5-26-1A-F7-ED-59-2F-FB-AB-2E-B3-35-FE-4C-63-0C-F7">
      <ModulePath>C:\Program Files\dotnet\shared\Microsoft.NETCore.App\1.1.2\System.Reflection.Primitives.dll</ModulePath>
      <ModuleTime>2017-04-28T09:14:42Z</ModuleTime>
      <ModuleName>System.Reflection.Primitives</ModuleName>
      <Classes />
    </Module>
    <Module skippedDueTo="Filter" hash="DB-31-91-3E-EF-62-EE-BA-70-0F-41-1A-18-51-FD-2C-81-39-93-7C">
      <ModulePath>C:\Program Files\dotnet\sdk\1.0.4\System.Collections.Immutable.dll</ModulePath>
      <ModuleTime>2017-05-04T12:17:42Z</ModuleTime>
      <ModuleName>System.Collections.Immutable</ModuleName>
      <Classes />
    </Module>
    <Module skippedDueTo="MissingPdb" hash="00-5E-6D-65-9F-28-A8-8E-D5-F6-0E-D4-80-65-55-EF-CE-E0-2B-01">
      <ModulePath>C:\Program Files\dotnet\sdk\1.0.4\Microsoft.Build.Tasks.Core.dll</ModulePath>
      <ModuleTime>2017-05-04T12:17:40Z</ModuleTime>
      <ModuleName>Microsoft.Build.Tasks.Core</ModuleName>
      <Classes />
    </Module>
    <Module skippedDueTo="MissingPdb" hash="AE-AD-3B-80-99-90-A1-6A-C4-A6-6F-53-DF-6F-FF-7E-D0-BF-D4-26">
      <ModulePath>C:\Program Files\dotnet\sdk\1.0.4\Microsoft.TestPlatform.Build.dll</ModulePath>
      <ModuleTime>2017-05-04T12:17:40Z</ModuleTime>
      <ModuleName>Microsoft.TestPlatform.Build</ModuleName>
      <Classes />
    </Module>
    <Module skippedDueTo="Filter" hash="AB-13-45-4D-B0-F4-50-D1-05-4D-4B-20-4A-38-91-7D-70-F7-0C-D8">
      <ModulePath>C:\Program Files\dotnet\shared\Microsoft.NETCore.App\1.1.2\System.Threading.ThreadPool.dll</ModulePath>
      <ModuleTime>2017-04-28T09:14:44Z</ModuleTime>
      <ModuleName>System.Threading.ThreadPool</ModuleName>
      <Classes />
    </Module>
    <Module skippedDueTo="Filter" hash="F3-70-6B-67-DF-E6-5C-1D-D6-F8-AB-B5-FA-33-AD-F0-00-C9-34-CB">
      <ModulePath>C:\Program Files\dotnet\shared\Microsoft.NETCore.App\1.1.2\System.Runtime.Loader.dll</ModulePath>
      <ModuleTime>2017-04-28T09:14:42Z</ModuleTime>
      <ModuleName>System.Runtime.Loader</ModuleName>
      <Classes />
    </Module>
    <Module skippedDueTo="MissingPdb" hash="8B-C5-96-AE-02-58-C4-E1-56-64-99-2D-0F-58-91-1A-1C-38-50-14">
      <ModulePath>C:\Program Files\dotnet\sdk\1.0.4\Sdks\Microsoft.NET.Sdk\build\..\tools\netcoreapp1.0/Microsoft.NET.Build.Tasks.dll</ModulePath>
      <ModuleTime>2017-05-04T12:17:40Z</ModuleTime>
      <ModuleName>Microsoft.NET.Build.Tasks</ModuleName>
      <Classes />
    </Module>
    <Module skippedDueTo="MissingPdb" hash="ED-67-2C-98-AC-25-20-8C-83-63-23-89-6E-CB-A2-E0-CA-6E-05-DC">
      <ModulePath>C:\Program Files\dotnet\sdk\1.0.4\NuGet.ProjectModel.dll</ModulePath>
      <ModuleTime>2017-05-04T12:17:42Z</ModuleTime>
      <ModuleName>NuGet.ProjectModel</ModuleName>
      <Classes />
    </Module>
    <Module skippedDueTo="MissingPdb" hash="E0-70-3A-41-D3-8B-F7-EE-B3-FF-FE-AC-79-8E-33-B3-1E-75-5F-78">
      <ModulePath>C:\Program Files\dotnet\sdk\1.0.4\Newtonsoft.Json.dll</ModulePath>
      <ModuleTime>2017-05-04T12:14:40Z</ModuleTime>
      <ModuleName>Newtonsoft.Json</ModuleName>
      <Classes />
    </Module>
    <Module skippedDueTo="Filter" hash="19-9B-36-F3-9B-5D-D4-BA-DC-F0-86-22-BE-07-C3-D3-1F-20-85-51">
      <ModulePath>C:\Program Files\dotnet\shared\Microsoft.NETCore.App\1.1.2\System.Dynamic.Runtime.dll</ModulePath>
      <ModuleTime>2017-04-28T09:14:42Z</ModuleTime>
      <ModuleName>System.Dynamic.Runtime</ModuleName>
      <Classes />
    </Module>
    <Module skippedDueTo="Filter" hash="A4-26-C9-6D-38-FB-E9-0E-16-9E-D2-32-9E-E1-7B-75-39-C8-ED-A6">
      <ModulePath>C:\Program Files\dotnet\shared\Microsoft.NETCore.App\1.1.2\System.Linq.Expressions.dll</ModulePath>
      <ModuleTime>2017-04-28T09:14:42Z</ModuleTime>
      <ModuleName>System.Linq.Expressions</ModuleName>
      <Classes />
    </Module>
    <Module skippedDueTo="MissingPdb" hash="B7-1C-46-1B-A6-BD-F0-76-21-89-27-9A-40-1C-39-EC-1C-7F-EB-D2">
      <ModulePath>C:\Program Files\dotnet\sdk\1.0.4\NuGet.Versioning.dll</ModulePath>
      <ModuleTime>2017-05-04T12:17:42Z</ModuleTime>
      <ModuleName>NuGet.Versioning</ModuleName>
      <Classes />
    </Module>
    <Module skippedDueTo="MissingPdb" hash="24-1F-DD-16-98-21-60-F9-C1-1D-18-D3-0A-A8-30-94-5C-F9-84-B5">
      <ModulePath>C:\Program Files\dotnet\sdk\1.0.4\NuGet.Packaging.Core.Types.dll</ModulePath>
      <ModuleTime>2017-05-04T12:17:42Z</ModuleTime>
      <ModuleName>NuGet.Packaging.Core.Types</ModuleName>
      <Classes />
    </Module>
    <Module skippedDueTo="MissingPdb" hash="21-96-02-7D-6F-14-12-55-D9-7E-E3-F5-D7-38-21-09-DF-98-E9-88">
      <ModulePath>C:\Program Files\dotnet\sdk\1.0.4\NuGet.LibraryModel.dll</ModulePath>
      <ModuleTime>2017-05-04T12:17:42Z</ModuleTime>
      <ModuleName>NuGet.LibraryModel</ModuleName>
      <Classes />
    </Module>
    <Module skippedDueTo="MissingPdb" hash="A4-99-59-94-C9-D1-FB-A0-48-4E-03-48-80-D0-34-B1-6F-B9-03-68">
      <ModulePath>C:\Program Files\dotnet\sdk\1.0.4\NuGet.Packaging.Core.dll</ModulePath>
      <ModuleTime>2017-05-04T12:17:42Z</ModuleTime>
      <ModuleName>NuGet.Packaging.Core</ModuleName>
      <Classes />
    </Module>
    <Module skippedDueTo="MissingPdb" hash="82-B6-F8-48-39-94-C6-A2-28-C8-3A-1D-E2-3A-79-F4-8D-15-24-BD">
      <ModulePath>C:\Program Files\dotnet\sdk\1.0.4\NuGet.RuntimeModel.dll</ModulePath>
      <ModuleTime>2017-05-04T12:17:42Z</ModuleTime>
      <ModuleName>NuGet.RuntimeModel</ModuleName>
      <Classes />
    </Module>
    <Module skippedDueTo="MissingPdb" hash="0B-CF-4A-23-51-2F-01-F6-67-F4-3F-F2-1D-2A-6A-04-1B-D4-49-64">
      <ModulePath>C:\Program Files\dotnet\sdk\1.0.4\NuGet.Packaging.dll</ModulePath>
      <ModuleTime>2017-05-04T12:17:42Z</ModuleTime>
      <ModuleName>NuGet.Packaging</ModuleName>
      <Classes />
    </Module>
    <Module skippedDueTo="Filter" hash="AC-97-92-23-BC-4F-E6-9E-93-CB-BA-90-DB-83-B1-55-1B-BD-75-6D">
      <ModulePath>C:\Program Files\dotnet\sdk\1.0.4\runtimes\win\lib\netstandard1.3\System.IO.Pipes.dll</ModulePath>
      <ModuleTime>2017-05-04T12:17:42Z</ModuleTime>
      <ModuleName>System.IO.Pipes</ModuleName>
      <Classes />
    </Module>
    <Module skippedDueTo="Filter" hash="90-C4-B0-76-CC-5D-95-44-F4-66-F9-9C-07-FF-B1-67-42-92-04-F7">
      <ModulePath>C:\Program Files\dotnet\sdk\1.0.4\System.Reflection.Metadata.dll</ModulePath>
      <ModuleTime>2017-05-04T12:17:42Z</ModuleTime>
      <ModuleName>System.Reflection.Metadata</ModuleName>
      <Classes />
    </Module>
    <Module skippedDueTo="Filter" hash="96-56-69-A3-E0-D9-40-CE-59-42-D4-C5-D9-A2-8D-F4-42-E9-25-0F">
      <ModulePath>C:\Program Files\dotnet\shared\Microsoft.NETCore.App\1.1.2\System.IO.MemoryMappedFiles.dll</ModulePath>
      <ModuleTime>2017-04-28T09:14:42Z</ModuleTime>
      <ModuleName>System.IO.MemoryMappedFiles</ModuleName>
      <Classes />
    </Module>
    <Module skippedDueTo="Filter" hash="79-27-A4-64-B0-4E-8F-BF-E1-BA-32-B2-E3-0B-1E-20-BD-35-3C-CB">
      <ModulePath>C:\Program Files\dotnet\shared\Microsoft.NETCore.App\1.1.2\System.IO.UnmanagedMemoryStream.dll</ModulePath>
      <ModuleTime>2017-04-28T09:14:42Z</ModuleTime>
      <ModuleName>System.IO.UnmanagedMemoryStream</ModuleName>
      <Classes />
    </Module>
    <Module skippedDueTo="Filter" hash="FC-53-73-D5-A9-A9-31-6A-68-BA-1B-85-DC-CC-1A-6A-F6-F6-A8-F0">
      <ModulePath>C:\Program Files\dotnet\shared\Microsoft.NETCore.App\1.1.2\System.Security.Cryptography.Algorithms.dll</ModulePath>
      <ModuleTime>2017-04-28T09:14:42Z</ModuleTime>
      <ModuleName>System.Security.Cryptography.Algorithms</ModuleName>
      <Classes />
    </Module>
    <Module skippedDueTo="Filter" hash="FA-EA-A5-46-19-4B-AF-1D-DA-8A-8A-47-88-8A-67-46-94-5F-D6-A1">
      <ModulePath>C:\Program Files\dotnet\shared\Microsoft.NETCore.App\1.1.2\System.Security.Cryptography.Primitives.dll</ModulePath>
      <ModuleTime>2017-04-28T09:14:44Z</ModuleTime>
      <ModuleName>System.Security.Cryptography.Primitives</ModuleName>
      <Classes />
    </Module>
    <Module skippedDueTo="Filter" hash="F6-70-5A-4A-3D-3B-8F-AB-38-1B-F7-15-8E-65-3E-CC-49-18-6A-EB">
      <ModulePath>C:\Program Files\dotnet\shared\Microsoft.NETCore.App\1.1.2\System.Private.CoreLib.ni.dll</ModulePath>
      <ModuleTime>2017-04-28T09:14:44Z</ModuleTime>
      <ModuleName>System.Private.CoreLib</ModuleName>
      <Classes />
    </Module>
    <Module skippedDueTo="MissingPdb" hash="92-3A-A0-1E-C0-A4-51-94-88-6C-76-D2-0F-2B-EF-F7-25-4B-F7-9E">
      <ModulePath>C:\Program Files\dotnet\sdk\1.0.4\MSBuild.dll</ModulePath>
      <ModuleTime>2017-05-04T12:17:42Z</ModuleTime>
      <ModuleName>MSBuild</ModuleName>
      <Classes />
    </Module>
    <Module skippedDueTo="Filter" hash="10-F6-CF-D1-77-DC-83-45-0F-A7-94-89-E8-58-1A-94-0F-2D-39-99">
      <ModulePath>C:\Program Files\dotnet\shared\Microsoft.NETCore.App\1.1.2\System.Runtime.dll</ModulePath>
      <ModuleTime>2017-04-28T09:14:42Z</ModuleTime>
      <ModuleName>System.Runtime</ModuleName>
      <Classes />
    </Module>
    <Module skippedDueTo="Filter" hash="27-FD-01-1F-7F-91-44-AA-26-6D-B2-BA-60-A7-6F-B8-A6-7B-C4-87">
      <ModulePath>C:\Program Files\dotnet\shared\Microsoft.NETCore.App\1.1.2\mscorlib.dll</ModulePath>
      <ModuleTime>2017-04-11T07:56:10Z</ModuleTime>
      <ModuleName>mscorlib</ModuleName>
      <Classes />
    </Module>
    <Module skippedDueTo="Filter" hash="0A-1B-46-F2-8B-9B-C4-F3-5E-D4-87-5E-F5-35-40-B9-57-F5-74-DA">
      <ModulePath>C:\Program Files\dotnet\shared\Microsoft.NETCore.App\1.1.2\System.Threading.dll</ModulePath>
      <ModuleTime>2017-04-28T09:14:44Z</ModuleTime>
      <ModuleName>System.Threading</ModuleName>
      <Classes />
    </Module>
    <Module skippedDueTo="Filter" hash="55-88-D6-46-7F-54-65-DB-60-06-A3-82-60-D8-40-FB-BC-EC-D5-81">
      <ModulePath>C:\Program Files\dotnet\shared\Microsoft.NETCore.App\1.1.2\System.Reflection.dll</ModulePath>
      <ModuleTime>2017-04-28T09:14:42Z</ModuleTime>
      <ModuleName>System.Reflection</ModuleName>
      <Classes />
    </Module>
    <Module skippedDueTo="Filter" hash="48-CD-A8-F1-07-2A-81-32-33-9D-D3-62-EE-F0-D2-38-D3-6C-96-AD">
      <ModulePath>C:\Program Files\dotnet\shared\Microsoft.NETCore.App\1.1.2\System.Reflection.TypeExtensions.dll</ModulePath>
      <ModuleTime>2017-04-28T09:14:42Z</ModuleTime>
      <ModuleName>System.Reflection.TypeExtensions</ModuleName>
      <Classes />
    </Module>
    <Module skippedDueTo="Filter" hash="47-FA-BA-22-0D-94-47-3C-1E-3F-37-5C-92-22-E2-D7-C4-D6-3B-98">
      <ModulePath>C:\Program Files\dotnet\shared\Microsoft.NETCore.App\1.1.2\System.Runtime.Extensions.dll</ModulePath>
      <ModuleTime>2017-04-28T09:14:42Z</ModuleTime>
      <ModuleName>System.Runtime.Extensions</ModuleName>
      <Classes />
    </Module>
    <Module skippedDueTo="Filter" hash="03-F2-D5-B0-32-D5-7A-CC-E7-42-98-62-D1-42-44-7D-03-75-83-D7">
      <ModulePath>C:\Program Files\dotnet\shared\Microsoft.NETCore.App\1.1.2\System.Diagnostics.Process.dll</ModulePath>
      <ModuleTime>2017-04-28T09:14:42Z</ModuleTime>
      <ModuleName>System.Diagnostics.Process</ModuleName>
      <Classes />
    </Module>
    <Module skippedDueTo="Filter" hash="E3-3A-F1-CA-2D-90-BC-45-47-78-DC-4D-07-A5-90-1A-74-68-AC-FE">
      <ModulePath>C:\Program Files\dotnet\shared\Microsoft.NETCore.App\1.1.2\System.Runtime.InteropServices.dll</ModulePath>
      <ModuleTime>2017-04-28T09:14:42Z</ModuleTime>
      <ModuleName>System.Runtime.InteropServices</ModuleName>
      <Classes />
    </Module>
    <Module skippedDueTo="Filter" hash="34-9D-BB-FA-81-DE-34-62-81-3C-68-2E-DC-4F-D3-D4-0F-DC-3F-80">
      <ModulePath>C:\Program Files\dotnet\shared\Microsoft.NETCore.App\1.1.2\System.Runtime.Handles.dll</ModulePath>
      <ModuleTime>2017-04-28T09:14:42Z</ModuleTime>
      <ModuleName>System.Runtime.Handles</ModuleName>
      <Classes />
    </Module>
    <Module skippedDueTo="Filter" hash="69-74-54-38-65-8F-5E-25-7D-73-E4-86-34-E9-E0-BE-CD-BF-2C-3F">
      <ModulePath>C:\Program Files\dotnet\shared\Microsoft.NETCore.App\1.1.2\System.Collections.dll</ModulePath>
      <ModuleTime>2017-04-28T09:14:42Z</ModuleTime>
      <ModuleName>System.Collections</ModuleName>
      <Classes />
    </Module>
    <Module skippedDueTo="Filter" hash="64-11-3C-D9-70-FD-86-06-19-E7-CE-BB-44-52-18-81-48-85-9C-CA">
      <ModulePath>C:\Program Files\dotnet\shared\Microsoft.NETCore.App\1.1.2\System.Linq.dll</ModulePath>
      <ModuleTime>2017-04-28T09:14:42Z</ModuleTime>
      <ModuleName>System.Linq</ModuleName>
      <Classes />
    </Module>
    <Module skippedDueTo="Filter" hash="40-BC-A0-8B-FC-4B-6D-93-EC-A2-4F-36-D2-E1-21-59-B7-5F-BB-FF">
      <ModulePath>C:\Program Files\dotnet\shared\Microsoft.NETCore.App\1.1.2\System.Runtime.InteropServices.RuntimeInformation.dll</ModulePath>
      <ModuleTime>2017-04-28T09:14:42Z</ModuleTime>
      <ModuleName>System.Runtime.InteropServices.RuntimeInformation</ModuleName>
      <Classes />
    </Module>
    <Module skippedDueTo="Filter" hash="38-39-1F-62-2B-DA-FD-5B-F5-3F-96-7D-3E-21-2F-AB-54-22-A0-44">
      <ModulePath>C:\Program Files\dotnet\shared\Microsoft.NETCore.App\1.1.2\System.Text.RegularExpressions.dll</ModulePath>
      <ModuleTime>2017-04-28T09:14:44Z</ModuleTime>
      <ModuleName>System.Text.RegularExpressions</ModuleName>
      <Classes />
    </Module>
    <Module skippedDueTo="Filter" hash="DB-F6-C2-1A-63-0D-74-B8-1B-CC-5D-59-8D-EA-2C-09-55-13-40-1D">
      <ModulePath>C:\Program Files\dotnet\shared\Microsoft.NETCore.App\1.1.2\System.IO.FileSystem.dll</ModulePath>
      <ModuleTime>2017-04-28T09:14:42Z</ModuleTime>
      <ModuleName>System.IO.FileSystem</ModuleName>
      <Classes />
    </Module>
    <Module skippedDueTo="Filter" hash="78-80-49-A8-7E-78-47-11-2F-9D-DF-26-A7-C7-23-0B-07-D3-78-A0">
      <ModulePath>C:\Program Files\dotnet\shared\Microsoft.NETCore.App\1.1.2\System.IO.FileSystem.Primitives.dll</ModulePath>
      <ModuleTime>2017-04-28T09:14:42Z</ModuleTime>
      <ModuleName>System.IO.FileSystem.Primitives</ModuleName>
      <Classes />
    </Module>
    <Module skippedDueTo="Filter" hash="6C-69-37-07-42-15-E1-41-36-7E-A8-CD-A5-6A-B0-A5-3F-62-F6-B8">
      <ModulePath>C:\Program Files\dotnet\shared\Microsoft.NETCore.App\1.1.2\System.Globalization.dll</ModulePath>
      <ModuleTime>2017-04-28T09:14:42Z</ModuleTime>
      <ModuleName>System.Globalization</ModuleName>
      <Classes />
    </Module>
    <Module skippedDueTo="MissingPdb" hash="2E-9C-4F-C8-C5-63-7E-0C-9E-66-DC-25-79-DE-D3-0C-0C-64-60-9B">
      <ModulePath>C:\Program Files\dotnet\sdk\1.0.4\Microsoft.Build.Framework.dll</ModulePath>
      <ModuleTime>2017-05-04T12:17:40Z</ModuleTime>
      <ModuleName>Microsoft.Build.Framework</ModuleName>
      <Classes />
    </Module>
    <Module skippedDueTo="Filter" hash="D8-9C-DB-90-B6-A6-96-ED-46-4A-C7-83-61-D8-89-3C-5D-D0-66-B7">
      <ModulePath>C:\Program Files\dotnet\shared\Microsoft.NETCore.App\1.1.2\System.Console.dll</ModulePath>
      <ModuleTime>2017-04-28T09:14:42Z</ModuleTime>
      <ModuleName>System.Console</ModuleName>
      <Classes />
    </Module>
    <Module skippedDueTo="Filter" hash="F7-8F-A4-2F-64-69-5F-F0-AB-EF-BD-9A-D5-ED-C0-80-DE-EB-A0-60">
      <ModulePath>C:\Program Files\dotnet\sdk\1.0.4\System.Collections.NonGeneric.dll</ModulePath>
      <ModuleTime>2017-05-04T12:17:42Z</ModuleTime>
      <ModuleName>System.Collections.NonGeneric</ModuleName>
      <Classes />
    </Module>
    <Module skippedDueTo="MissingPdb" hash="DC-5E-37-60-24-34-D8-6D-95-28-1E-67-1B-8C-55-71-CB-2E-F7-63">
      <ModulePath>C:\Program Files\dotnet\sdk\1.0.4\Microsoft.Build.dll</ModulePath>
      <ModuleTime>2017-05-04T12:17:40Z</ModuleTime>
      <ModuleName>Microsoft.Build</ModuleName>
      <Classes />
    </Module>
    <Module skippedDueTo="Filter" hash="2E-39-08-79-1D-C2-AA-88-46-E8-43-52-C6-3E-D7-EE-D5-96-CD-89">
      <ModulePath>C:\Program Files\dotnet\shared\Microsoft.NETCore.App\1.1.2\System.Threading.Tasks.dll</ModulePath>
      <ModuleTime>2017-04-28T09:14:44Z</ModuleTime>
      <ModuleName>System.Threading.Tasks</ModuleName>
      <Classes />
    </Module>
    <Module skippedDueTo="Filter" hash="AC-97-92-23-BC-4F-E6-9E-93-CB-BA-90-DB-83-B1-55-1B-BD-75-6D">
      <ModulePath>C:\Program Files\dotnet\sdk\1.0.4\runtimes\win\lib\netstandard1.3\System.IO.Pipes.dll</ModulePath>
      <ModuleTime>2017-05-04T12:17:42Z</ModuleTime>
      <ModuleName>System.IO.Pipes</ModuleName>
      <Classes />
    </Module>
    <Module skippedDueTo="Filter" hash="CC-99-C9-08-66-31-C3-65-73-4B-3D-54-80-D9-17-F0-A3-79-96-74">
      <ModulePath>C:\Program Files\dotnet\shared\Microsoft.NETCore.App\1.1.2\System.Text.Encoding.Extensions.dll</ModulePath>
      <ModuleTime>2017-04-28T09:14:44Z</ModuleTime>
      <ModuleName>System.Text.Encoding.Extensions</ModuleName>
      <Classes />
    </Module>
    <Module skippedDueTo="Filter" hash="82-AA-AB-21-2D-1F-5A-5D-76-88-BC-99-D2-AE-5F-27-5E-DE-40-3E">
      <ModulePath>C:\Program Files\dotnet\shared\Microsoft.NETCore.App\1.1.2\System.Text.Encoding.dll</ModulePath>
      <ModuleTime>2017-04-28T09:14:44Z</ModuleTime>
      <ModuleName>System.Text.Encoding</ModuleName>
      <Classes />
    </Module>
    <Module skippedDueTo="Filter" hash="78-5D-99-A3-90-D6-7D-1F-16-D9-6A-06-F5-95-F6-71-7F-58-02-21">
      <ModulePath>C:\Program Files\dotnet\shared\Microsoft.NETCore.App\1.1.2\System.IO.dll</ModulePath>
      <ModuleTime>2017-04-28T09:14:42Z</ModuleTime>
      <ModuleName>System.IO</ModuleName>
      <Classes />
    </Module>
    <Module skippedDueTo="Filter" hash="33-C3-42-45-CA-9E-02-9A-68-90-00-51-45-EF-3F-DB-CF-02-99-86">
      <ModulePath>C:\Program Files\dotnet\shared\Microsoft.NETCore.App\1.1.2\System.Threading.Thread.dll</ModulePath>
      <ModuleTime>2017-04-28T09:14:44Z</ModuleTime>
      <ModuleName>System.Threading.Thread</ModuleName>
      <Classes />
    </Module>
    <Module skippedDueTo="Filter" hash="0C-9C-6E-C8-BB-14-8F-D9-84-AB-05-C3-62-92-0B-D2-DD-A3-CF-F7">
      <ModulePath>C:\Program Files\dotnet\shared\Microsoft.NETCore.App\1.1.2\System.ObjectModel.dll</ModulePath>
      <ModuleTime>2017-04-28T09:14:42Z</ModuleTime>
      <ModuleName>System.ObjectModel</ModuleName>
      <Classes />
    </Module>
    <Module skippedDueTo="Filter" hash="BA-85-18-37-1F-3E-E8-7F-BA-F2-C9-40-E1-5C-6E-4E-E4-59-E9-DD">
      <ModulePath>C:\Program Files\dotnet\shared\Microsoft.NETCore.App\1.1.2\System.Threading.Tasks.Dataflow.dll</ModulePath>
      <ModuleTime>2017-04-28T09:14:44Z</ModuleTime>
      <ModuleName>System.Threading.Tasks.Dataflow</ModuleName>
      <Classes />
    </Module>
    <Module skippedDueTo="Filter" hash="3A-59-23-69-14-25-FD-1A-2B-F8-46-11-A9-A9-27-E3-DB-04-E6-3A">
      <ModulePath>C:\Program Files\dotnet\shared\Microsoft.NETCore.App\1.1.2\System.Diagnostics.Tracing.dll</ModulePath>
      <ModuleTime>2017-04-28T09:14:42Z</ModuleTime>
      <ModuleName>System.Diagnostics.Tracing</ModuleName>
      <Classes />
    </Module>
    <Module skippedDueTo="Filter" hash="B2-79-8E-42-79-66-46-E5-BB-FA-80-DB-A4-98-64-E6-F3-34-CE-87">
      <ModulePath>C:\Program Files\dotnet\shared\Microsoft.NETCore.App\1.1.2\System.Collections.Concurrent.dll</ModulePath>
      <ModuleTime>2017-04-28T09:14:42Z</ModuleTime>
      <ModuleName>System.Collections.Concurrent</ModuleName>
      <Classes />
    </Module>
    <Module skippedDueTo="Filter" hash="3B-D7-1E-C0-84-4C-02-CB-97-4A-8E-2A-A0-0A-52-F7-08-D3-F0-8A">
      <ModulePath>C:\Program Files\dotnet\shared\Microsoft.NETCore.App\1.1.2\System.Reflection.Extensions.dll</ModulePath>
      <ModuleTime>2017-04-28T09:14:42Z</ModuleTime>
      <ModuleName>System.Reflection.Extensions</ModuleName>
      <Classes />
    </Module>
    <Module skippedDueTo="Filter" hash="56-E7-FE-76-AE-7C-2C-1F-18-49-23-EF-CB-03-07-CF-59-B2-70-00">
      <ModulePath>C:\Program Files\dotnet\shared\Microsoft.NETCore.App\1.1.2\System.Resources.ResourceManager.dll</ModulePath>
      <ModuleTime>2017-04-28T09:14:42Z</ModuleTime>
      <ModuleName>System.Resources.ResourceManager</ModuleName>
      <Classes />
    </Module>
    <Module skippedDueTo="Filter" hash="F6-70-5A-4A-3D-3B-8F-AB-38-1B-F7-15-8E-65-3E-CC-49-18-6A-EB">
      <ModulePath>C:\Program Files\dotnet\shared\Microsoft.NETCore.App\1.1.2\System.Private.CoreLib.ni.dll</ModulePath>
      <ModuleTime>2017-04-28T09:14:44Z</ModuleTime>
      <ModuleName>System.Private.CoreLib</ModuleName>
      <Classes />
    </Module>
    <Module skippedDueTo="MissingPdb" hash="92-3A-A0-1E-C0-A4-51-94-88-6C-76-D2-0F-2B-EF-F7-25-4B-F7-9E">
      <ModulePath>C:\Program Files\dotnet\sdk\1.0.4\MSBuild.dll</ModulePath>
      <ModuleTime>2017-05-04T12:17:42Z</ModuleTime>
      <ModuleName>MSBuild</ModuleName>
      <Classes />
    </Module>
    <Module skippedDueTo="Filter" hash="10-F6-CF-D1-77-DC-83-45-0F-A7-94-89-E8-58-1A-94-0F-2D-39-99">
      <ModulePath>C:\Program Files\dotnet\shared\Microsoft.NETCore.App\1.1.2\System.Runtime.dll</ModulePath>
      <ModuleTime>2017-04-28T09:14:42Z</ModuleTime>
      <ModuleName>System.Runtime</ModuleName>
      <Classes />
    </Module>
    <Module skippedDueTo="Filter" hash="27-FD-01-1F-7F-91-44-AA-26-6D-B2-BA-60-A7-6F-B8-A6-7B-C4-87">
      <ModulePath>C:\Program Files\dotnet\shared\Microsoft.NETCore.App\1.1.2\mscorlib.dll</ModulePath>
      <ModuleTime>2017-04-11T07:56:10Z</ModuleTime>
      <ModuleName>mscorlib</ModuleName>
      <Classes />
    </Module>
    <Module skippedDueTo="Filter" hash="0A-1B-46-F2-8B-9B-C4-F3-5E-D4-87-5E-F5-35-40-B9-57-F5-74-DA">
      <ModulePath>C:\Program Files\dotnet\shared\Microsoft.NETCore.App\1.1.2\System.Threading.dll</ModulePath>
      <ModuleTime>2017-04-28T09:14:44Z</ModuleTime>
      <ModuleName>System.Threading</ModuleName>
      <Classes />
    </Module>
    <Module skippedDueTo="Filter" hash="55-88-D6-46-7F-54-65-DB-60-06-A3-82-60-D8-40-FB-BC-EC-D5-81">
      <ModulePath>C:\Program Files\dotnet\shared\Microsoft.NETCore.App\1.1.2\System.Reflection.dll</ModulePath>
      <ModuleTime>2017-04-28T09:14:42Z</ModuleTime>
      <ModuleName>System.Reflection</ModuleName>
      <Classes />
    </Module>
    <Module skippedDueTo="Filter" hash="48-CD-A8-F1-07-2A-81-32-33-9D-D3-62-EE-F0-D2-38-D3-6C-96-AD">
      <ModulePath>C:\Program Files\dotnet\shared\Microsoft.NETCore.App\1.1.2\System.Reflection.TypeExtensions.dll</ModulePath>
      <ModuleTime>2017-04-28T09:14:42Z</ModuleTime>
      <ModuleName>System.Reflection.TypeExtensions</ModuleName>
      <Classes />
    </Module>
    <Module skippedDueTo="Filter" hash="47-FA-BA-22-0D-94-47-3C-1E-3F-37-5C-92-22-E2-D7-C4-D6-3B-98">
      <ModulePath>C:\Program Files\dotnet\shared\Microsoft.NETCore.App\1.1.2\System.Runtime.Extensions.dll</ModulePath>
      <ModuleTime>2017-04-28T09:14:42Z</ModuleTime>
      <ModuleName>System.Runtime.Extensions</ModuleName>
      <Classes />
    </Module>
    <Module skippedDueTo="Filter" hash="03-F2-D5-B0-32-D5-7A-CC-E7-42-98-62-D1-42-44-7D-03-75-83-D7">
      <ModulePath>C:\Program Files\dotnet\shared\Microsoft.NETCore.App\1.1.2\System.Diagnostics.Process.dll</ModulePath>
      <ModuleTime>2017-04-28T09:14:42Z</ModuleTime>
      <ModuleName>System.Diagnostics.Process</ModuleName>
      <Classes />
    </Module>
    <Module skippedDueTo="Filter" hash="E3-3A-F1-CA-2D-90-BC-45-47-78-DC-4D-07-A5-90-1A-74-68-AC-FE">
      <ModulePath>C:\Program Files\dotnet\shared\Microsoft.NETCore.App\1.1.2\System.Runtime.InteropServices.dll</ModulePath>
      <ModuleTime>2017-04-28T09:14:42Z</ModuleTime>
      <ModuleName>System.Runtime.InteropServices</ModuleName>
      <Classes />
    </Module>
    <Module skippedDueTo="Filter" hash="34-9D-BB-FA-81-DE-34-62-81-3C-68-2E-DC-4F-D3-D4-0F-DC-3F-80">
      <ModulePath>C:\Program Files\dotnet\shared\Microsoft.NETCore.App\1.1.2\System.Runtime.Handles.dll</ModulePath>
      <ModuleTime>2017-04-28T09:14:42Z</ModuleTime>
      <ModuleName>System.Runtime.Handles</ModuleName>
      <Classes />
    </Module>
    <Module skippedDueTo="Filter" hash="69-74-54-38-65-8F-5E-25-7D-73-E4-86-34-E9-E0-BE-CD-BF-2C-3F">
      <ModulePath>C:\Program Files\dotnet\shared\Microsoft.NETCore.App\1.1.2\System.Collections.dll</ModulePath>
      <ModuleTime>2017-04-28T09:14:42Z</ModuleTime>
      <ModuleName>System.Collections</ModuleName>
      <Classes />
    </Module>
    <Module skippedDueTo="Filter" hash="64-11-3C-D9-70-FD-86-06-19-E7-CE-BB-44-52-18-81-48-85-9C-CA">
      <ModulePath>C:\Program Files\dotnet\shared\Microsoft.NETCore.App\1.1.2\System.Linq.dll</ModulePath>
      <ModuleTime>2017-04-28T09:14:42Z</ModuleTime>
      <ModuleName>System.Linq</ModuleName>
      <Classes />
    </Module>
    <Module skippedDueTo="Filter" hash="40-BC-A0-8B-FC-4B-6D-93-EC-A2-4F-36-D2-E1-21-59-B7-5F-BB-FF">
      <ModulePath>C:\Program Files\dotnet\shared\Microsoft.NETCore.App\1.1.2\System.Runtime.InteropServices.RuntimeInformation.dll</ModulePath>
      <ModuleTime>2017-04-28T09:14:42Z</ModuleTime>
      <ModuleName>System.Runtime.InteropServices.RuntimeInformation</ModuleName>
      <Classes />
    </Module>
    <Module skippedDueTo="Filter" hash="38-39-1F-62-2B-DA-FD-5B-F5-3F-96-7D-3E-21-2F-AB-54-22-A0-44">
      <ModulePath>C:\Program Files\dotnet\shared\Microsoft.NETCore.App\1.1.2\System.Text.RegularExpressions.dll</ModulePath>
      <ModuleTime>2017-04-28T09:14:44Z</ModuleTime>
      <ModuleName>System.Text.RegularExpressions</ModuleName>
      <Classes />
    </Module>
    <Module skippedDueTo="Filter" hash="DB-F6-C2-1A-63-0D-74-B8-1B-CC-5D-59-8D-EA-2C-09-55-13-40-1D">
      <ModulePath>C:\Program Files\dotnet\shared\Microsoft.NETCore.App\1.1.2\System.IO.FileSystem.dll</ModulePath>
      <ModuleTime>2017-04-28T09:14:42Z</ModuleTime>
      <ModuleName>System.IO.FileSystem</ModuleName>
      <Classes />
    </Module>
    <Module skippedDueTo="Filter" hash="78-80-49-A8-7E-78-47-11-2F-9D-DF-26-A7-C7-23-0B-07-D3-78-A0">
      <ModulePath>C:\Program Files\dotnet\shared\Microsoft.NETCore.App\1.1.2\System.IO.FileSystem.Primitives.dll</ModulePath>
      <ModuleTime>2017-04-28T09:14:42Z</ModuleTime>
      <ModuleName>System.IO.FileSystem.Primitives</ModuleName>
      <Classes />
    </Module>
    <Module skippedDueTo="Filter" hash="6C-69-37-07-42-15-E1-41-36-7E-A8-CD-A5-6A-B0-A5-3F-62-F6-B8">
      <ModulePath>C:\Program Files\dotnet\shared\Microsoft.NETCore.App\1.1.2\System.Globalization.dll</ModulePath>
      <ModuleTime>2017-04-28T09:14:42Z</ModuleTime>
      <ModuleName>System.Globalization</ModuleName>
      <Classes />
    </Module>
    <Module skippedDueTo="MissingPdb" hash="2E-9C-4F-C8-C5-63-7E-0C-9E-66-DC-25-79-DE-D3-0C-0C-64-60-9B">
      <ModulePath>C:\Program Files\dotnet\sdk\1.0.4\Microsoft.Build.Framework.dll</ModulePath>
      <ModuleTime>2017-05-04T12:17:40Z</ModuleTime>
      <ModuleName>Microsoft.Build.Framework</ModuleName>
      <Classes />
    </Module>
    <Module skippedDueTo="Filter" hash="D8-9C-DB-90-B6-A6-96-ED-46-4A-C7-83-61-D8-89-3C-5D-D0-66-B7">
      <ModulePath>C:\Program Files\dotnet\shared\Microsoft.NETCore.App\1.1.2\System.Console.dll</ModulePath>
      <ModuleTime>2017-04-28T09:14:42Z</ModuleTime>
      <ModuleName>System.Console</ModuleName>
      <Classes />
    </Module>
    <Module skippedDueTo="Filter" hash="F7-8F-A4-2F-64-69-5F-F0-AB-EF-BD-9A-D5-ED-C0-80-DE-EB-A0-60">
      <ModulePath>C:\Program Files\dotnet\sdk\1.0.4\System.Collections.NonGeneric.dll</ModulePath>
      <ModuleTime>2017-05-04T12:17:42Z</ModuleTime>
      <ModuleName>System.Collections.NonGeneric</ModuleName>
      <Classes />
    </Module>
    <Module skippedDueTo="MissingPdb" hash="DC-5E-37-60-24-34-D8-6D-95-28-1E-67-1B-8C-55-71-CB-2E-F7-63">
      <ModulePath>C:\Program Files\dotnet\sdk\1.0.4\Microsoft.Build.dll</ModulePath>
      <ModuleTime>2017-05-04T12:17:40Z</ModuleTime>
      <ModuleName>Microsoft.Build</ModuleName>
      <Classes />
    </Module>
    <Module skippedDueTo="Filter" hash="2E-39-08-79-1D-C2-AA-88-46-E8-43-52-C6-3E-D7-EE-D5-96-CD-89">
      <ModulePath>C:\Program Files\dotnet\shared\Microsoft.NETCore.App\1.1.2\System.Threading.Tasks.dll</ModulePath>
      <ModuleTime>2017-04-28T09:14:44Z</ModuleTime>
      <ModuleName>System.Threading.Tasks</ModuleName>
      <Classes />
    </Module>
    <Module skippedDueTo="Filter" hash="AC-97-92-23-BC-4F-E6-9E-93-CB-BA-90-DB-83-B1-55-1B-BD-75-6D">
      <ModulePath>C:\Program Files\dotnet\sdk\1.0.4\runtimes\win\lib\netstandard1.3\System.IO.Pipes.dll</ModulePath>
      <ModuleTime>2017-05-04T12:17:42Z</ModuleTime>
      <ModuleName>System.IO.Pipes</ModuleName>
      <Classes />
    </Module>
    <Module skippedDueTo="Filter" hash="CC-99-C9-08-66-31-C3-65-73-4B-3D-54-80-D9-17-F0-A3-79-96-74">
      <ModulePath>C:\Program Files\dotnet\shared\Microsoft.NETCore.App\1.1.2\System.Text.Encoding.Extensions.dll</ModulePath>
      <ModuleTime>2017-04-28T09:14:44Z</ModuleTime>
      <ModuleName>System.Text.Encoding.Extensions</ModuleName>
      <Classes />
    </Module>
    <Module skippedDueTo="Filter" hash="82-AA-AB-21-2D-1F-5A-5D-76-88-BC-99-D2-AE-5F-27-5E-DE-40-3E">
      <ModulePath>C:\Program Files\dotnet\shared\Microsoft.NETCore.App\1.1.2\System.Text.Encoding.dll</ModulePath>
      <ModuleTime>2017-04-28T09:14:44Z</ModuleTime>
      <ModuleName>System.Text.Encoding</ModuleName>
      <Classes />
    </Module>
    <Module skippedDueTo="Filter" hash="78-5D-99-A3-90-D6-7D-1F-16-D9-6A-06-F5-95-F6-71-7F-58-02-21">
      <ModulePath>C:\Program Files\dotnet\shared\Microsoft.NETCore.App\1.1.2\System.IO.dll</ModulePath>
      <ModuleTime>2017-04-28T09:14:42Z</ModuleTime>
      <ModuleName>System.IO</ModuleName>
      <Classes />
    </Module>
    <Module skippedDueTo="Filter" hash="33-C3-42-45-CA-9E-02-9A-68-90-00-51-45-EF-3F-DB-CF-02-99-86">
      <ModulePath>C:\Program Files\dotnet\shared\Microsoft.NETCore.App\1.1.2\System.Threading.Thread.dll</ModulePath>
      <ModuleTime>2017-04-28T09:14:44Z</ModuleTime>
      <ModuleName>System.Threading.Thread</ModuleName>
      <Classes />
    </Module>
    <Module skippedDueTo="Filter" hash="F6-70-5A-4A-3D-3B-8F-AB-38-1B-F7-15-8E-65-3E-CC-49-18-6A-EB">
      <ModulePath>C:\Program Files\dotnet\shared\Microsoft.NETCore.App\1.1.2\System.Private.CoreLib.ni.dll</ModulePath>
      <ModuleTime>2017-04-28T09:14:44Z</ModuleTime>
      <ModuleName>System.Private.CoreLib</ModuleName>
      <Classes />
    </Module>
    <Module skippedDueTo="MissingPdb" hash="92-3A-A0-1E-C0-A4-51-94-88-6C-76-D2-0F-2B-EF-F7-25-4B-F7-9E">
      <ModulePath>C:\Program Files\dotnet\sdk\1.0.4\MSBuild.dll</ModulePath>
      <ModuleTime>2017-05-04T12:17:42Z</ModuleTime>
      <ModuleName>MSBuild</ModuleName>
      <Classes />
    </Module>
    <Module skippedDueTo="Filter" hash="10-F6-CF-D1-77-DC-83-45-0F-A7-94-89-E8-58-1A-94-0F-2D-39-99">
      <ModulePath>C:\Program Files\dotnet\shared\Microsoft.NETCore.App\1.1.2\System.Runtime.dll</ModulePath>
      <ModuleTime>2017-04-28T09:14:42Z</ModuleTime>
      <ModuleName>System.Runtime</ModuleName>
      <Classes />
    </Module>
    <Module skippedDueTo="Filter" hash="27-FD-01-1F-7F-91-44-AA-26-6D-B2-BA-60-A7-6F-B8-A6-7B-C4-87">
      <ModulePath>C:\Program Files\dotnet\shared\Microsoft.NETCore.App\1.1.2\mscorlib.dll</ModulePath>
      <ModuleTime>2017-04-11T07:56:10Z</ModuleTime>
      <ModuleName>mscorlib</ModuleName>
      <Classes />
    </Module>
    <Module skippedDueTo="Filter" hash="0A-1B-46-F2-8B-9B-C4-F3-5E-D4-87-5E-F5-35-40-B9-57-F5-74-DA">
      <ModulePath>C:\Program Files\dotnet\shared\Microsoft.NETCore.App\1.1.2\System.Threading.dll</ModulePath>
      <ModuleTime>2017-04-28T09:14:44Z</ModuleTime>
      <ModuleName>System.Threading</ModuleName>
      <Classes />
    </Module>
    <Module skippedDueTo="Filter" hash="55-88-D6-46-7F-54-65-DB-60-06-A3-82-60-D8-40-FB-BC-EC-D5-81">
      <ModulePath>C:\Program Files\dotnet\shared\Microsoft.NETCore.App\1.1.2\System.Reflection.dll</ModulePath>
      <ModuleTime>2017-04-28T09:14:42Z</ModuleTime>
      <ModuleName>System.Reflection</ModuleName>
      <Classes />
    </Module>
    <Module skippedDueTo="Filter" hash="48-CD-A8-F1-07-2A-81-32-33-9D-D3-62-EE-F0-D2-38-D3-6C-96-AD">
      <ModulePath>C:\Program Files\dotnet\shared\Microsoft.NETCore.App\1.1.2\System.Reflection.TypeExtensions.dll</ModulePath>
      <ModuleTime>2017-04-28T09:14:42Z</ModuleTime>
      <ModuleName>System.Reflection.TypeExtensions</ModuleName>
      <Classes />
    </Module>
    <Module skippedDueTo="Filter" hash="47-FA-BA-22-0D-94-47-3C-1E-3F-37-5C-92-22-E2-D7-C4-D6-3B-98">
      <ModulePath>C:\Program Files\dotnet\shared\Microsoft.NETCore.App\1.1.2\System.Runtime.Extensions.dll</ModulePath>
      <ModuleTime>2017-04-28T09:14:42Z</ModuleTime>
      <ModuleName>System.Runtime.Extensions</ModuleName>
      <Classes />
    </Module>
    <Module skippedDueTo="Filter" hash="03-F2-D5-B0-32-D5-7A-CC-E7-42-98-62-D1-42-44-7D-03-75-83-D7">
      <ModulePath>C:\Program Files\dotnet\shared\Microsoft.NETCore.App\1.1.2\System.Diagnostics.Process.dll</ModulePath>
      <ModuleTime>2017-04-28T09:14:42Z</ModuleTime>
      <ModuleName>System.Diagnostics.Process</ModuleName>
      <Classes />
    </Module>
    <Module skippedDueTo="Filter" hash="E3-3A-F1-CA-2D-90-BC-45-47-78-DC-4D-07-A5-90-1A-74-68-AC-FE">
      <ModulePath>C:\Program Files\dotnet\shared\Microsoft.NETCore.App\1.1.2\System.Runtime.InteropServices.dll</ModulePath>
      <ModuleTime>2017-04-28T09:14:42Z</ModuleTime>
      <ModuleName>System.Runtime.InteropServices</ModuleName>
      <Classes />
    </Module>
    <Module skippedDueTo="Filter" hash="34-9D-BB-FA-81-DE-34-62-81-3C-68-2E-DC-4F-D3-D4-0F-DC-3F-80">
      <ModulePath>C:\Program Files\dotnet\shared\Microsoft.NETCore.App\1.1.2\System.Runtime.Handles.dll</ModulePath>
      <ModuleTime>2017-04-28T09:14:42Z</ModuleTime>
      <ModuleName>System.Runtime.Handles</ModuleName>
      <Classes />
    </Module>
    <Module skippedDueTo="Filter" hash="69-74-54-38-65-8F-5E-25-7D-73-E4-86-34-E9-E0-BE-CD-BF-2C-3F">
      <ModulePath>C:\Program Files\dotnet\shared\Microsoft.NETCore.App\1.1.2\System.Collections.dll</ModulePath>
      <ModuleTime>2017-04-28T09:14:42Z</ModuleTime>
      <ModuleName>System.Collections</ModuleName>
      <Classes />
    </Module>
    <Module skippedDueTo="Filter" hash="64-11-3C-D9-70-FD-86-06-19-E7-CE-BB-44-52-18-81-48-85-9C-CA">
      <ModulePath>C:\Program Files\dotnet\shared\Microsoft.NETCore.App\1.1.2\System.Linq.dll</ModulePath>
      <ModuleTime>2017-04-28T09:14:42Z</ModuleTime>
      <ModuleName>System.Linq</ModuleName>
      <Classes />
    </Module>
    <Module skippedDueTo="Filter" hash="40-BC-A0-8B-FC-4B-6D-93-EC-A2-4F-36-D2-E1-21-59-B7-5F-BB-FF">
      <ModulePath>C:\Program Files\dotnet\shared\Microsoft.NETCore.App\1.1.2\System.Runtime.InteropServices.RuntimeInformation.dll</ModulePath>
      <ModuleTime>2017-04-28T09:14:42Z</ModuleTime>
      <ModuleName>System.Runtime.InteropServices.RuntimeInformation</ModuleName>
      <Classes />
    </Module>
    <Module skippedDueTo="Filter" hash="38-39-1F-62-2B-DA-FD-5B-F5-3F-96-7D-3E-21-2F-AB-54-22-A0-44">
      <ModulePath>C:\Program Files\dotnet\shared\Microsoft.NETCore.App\1.1.2\System.Text.RegularExpressions.dll</ModulePath>
      <ModuleTime>2017-04-28T09:14:44Z</ModuleTime>
      <ModuleName>System.Text.RegularExpressions</ModuleName>
      <Classes />
    </Module>
    <Module skippedDueTo="Filter" hash="DB-F6-C2-1A-63-0D-74-B8-1B-CC-5D-59-8D-EA-2C-09-55-13-40-1D">
      <ModulePath>C:\Program Files\dotnet\shared\Microsoft.NETCore.App\1.1.2\System.IO.FileSystem.dll</ModulePath>
      <ModuleTime>2017-04-28T09:14:42Z</ModuleTime>
      <ModuleName>System.IO.FileSystem</ModuleName>
      <Classes />
    </Module>
    <Module skippedDueTo="Filter" hash="78-80-49-A8-7E-78-47-11-2F-9D-DF-26-A7-C7-23-0B-07-D3-78-A0">
      <ModulePath>C:\Program Files\dotnet\shared\Microsoft.NETCore.App\1.1.2\System.IO.FileSystem.Primitives.dll</ModulePath>
      <ModuleTime>2017-04-28T09:14:42Z</ModuleTime>
      <ModuleName>System.IO.FileSystem.Primitives</ModuleName>
      <Classes />
    </Module>
    <Module skippedDueTo="Filter" hash="6C-69-37-07-42-15-E1-41-36-7E-A8-CD-A5-6A-B0-A5-3F-62-F6-B8">
      <ModulePath>C:\Program Files\dotnet\shared\Microsoft.NETCore.App\1.1.2\System.Globalization.dll</ModulePath>
      <ModuleTime>2017-04-28T09:14:42Z</ModuleTime>
      <ModuleName>System.Globalization</ModuleName>
      <Classes />
    </Module>
    <Module skippedDueTo="MissingPdb" hash="2E-9C-4F-C8-C5-63-7E-0C-9E-66-DC-25-79-DE-D3-0C-0C-64-60-9B">
      <ModulePath>C:\Program Files\dotnet\sdk\1.0.4\Microsoft.Build.Framework.dll</ModulePath>
      <ModuleTime>2017-05-04T12:17:40Z</ModuleTime>
      <ModuleName>Microsoft.Build.Framework</ModuleName>
      <Classes />
    </Module>
    <Module skippedDueTo="Filter" hash="D8-9C-DB-90-B6-A6-96-ED-46-4A-C7-83-61-D8-89-3C-5D-D0-66-B7">
      <ModulePath>C:\Program Files\dotnet\shared\Microsoft.NETCore.App\1.1.2\System.Console.dll</ModulePath>
      <ModuleTime>2017-04-28T09:14:42Z</ModuleTime>
      <ModuleName>System.Console</ModuleName>
      <Classes />
    </Module>
    <Module skippedDueTo="Filter" hash="F7-8F-A4-2F-64-69-5F-F0-AB-EF-BD-9A-D5-ED-C0-80-DE-EB-A0-60">
      <ModulePath>C:\Program Files\dotnet\sdk\1.0.4\System.Collections.NonGeneric.dll</ModulePath>
      <ModuleTime>2017-05-04T12:17:42Z</ModuleTime>
      <ModuleName>System.Collections.NonGeneric</ModuleName>
      <Classes />
    </Module>
    <Module skippedDueTo="MissingPdb" hash="DC-5E-37-60-24-34-D8-6D-95-28-1E-67-1B-8C-55-71-CB-2E-F7-63">
      <ModulePath>C:\Program Files\dotnet\sdk\1.0.4\Microsoft.Build.dll</ModulePath>
      <ModuleTime>2017-05-04T12:17:40Z</ModuleTime>
      <ModuleName>Microsoft.Build</ModuleName>
      <Classes />
    </Module>
    <Module skippedDueTo="Filter" hash="2E-39-08-79-1D-C2-AA-88-46-E8-43-52-C6-3E-D7-EE-D5-96-CD-89">
      <ModulePath>C:\Program Files\dotnet\shared\Microsoft.NETCore.App\1.1.2\System.Threading.Tasks.dll</ModulePath>
      <ModuleTime>2017-04-28T09:14:44Z</ModuleTime>
      <ModuleName>System.Threading.Tasks</ModuleName>
      <Classes />
    </Module>
    <Module skippedDueTo="Filter" hash="AC-97-92-23-BC-4F-E6-9E-93-CB-BA-90-DB-83-B1-55-1B-BD-75-6D">
      <ModulePath>C:\Program Files\dotnet\sdk\1.0.4\runtimes\win\lib\netstandard1.3\System.IO.Pipes.dll</ModulePath>
      <ModuleTime>2017-05-04T12:17:42Z</ModuleTime>
      <ModuleName>System.IO.Pipes</ModuleName>
      <Classes />
    </Module>
    <Module skippedDueTo="Filter" hash="CC-99-C9-08-66-31-C3-65-73-4B-3D-54-80-D9-17-F0-A3-79-96-74">
      <ModulePath>C:\Program Files\dotnet\shared\Microsoft.NETCore.App\1.1.2\System.Text.Encoding.Extensions.dll</ModulePath>
      <ModuleTime>2017-04-28T09:14:44Z</ModuleTime>
      <ModuleName>System.Text.Encoding.Extensions</ModuleName>
      <Classes />
    </Module>
    <Module skippedDueTo="Filter" hash="82-AA-AB-21-2D-1F-5A-5D-76-88-BC-99-D2-AE-5F-27-5E-DE-40-3E">
      <ModulePath>C:\Program Files\dotnet\shared\Microsoft.NETCore.App\1.1.2\System.Text.Encoding.dll</ModulePath>
      <ModuleTime>2017-04-28T09:14:44Z</ModuleTime>
      <ModuleName>System.Text.Encoding</ModuleName>
      <Classes />
    </Module>
    <Module skippedDueTo="Filter" hash="78-5D-99-A3-90-D6-7D-1F-16-D9-6A-06-F5-95-F6-71-7F-58-02-21">
      <ModulePath>C:\Program Files\dotnet\shared\Microsoft.NETCore.App\1.1.2\System.IO.dll</ModulePath>
      <ModuleTime>2017-04-28T09:14:42Z</ModuleTime>
      <ModuleName>System.IO</ModuleName>
      <Classes />
    </Module>
    <Module skippedDueTo="Filter" hash="33-C3-42-45-CA-9E-02-9A-68-90-00-51-45-EF-3F-DB-CF-02-99-86">
      <ModulePath>C:\Program Files\dotnet\shared\Microsoft.NETCore.App\1.1.2\System.Threading.Thread.dll</ModulePath>
      <ModuleTime>2017-04-28T09:14:44Z</ModuleTime>
      <ModuleName>System.Threading.Thread</ModuleName>
      <Classes />
    </Module>
    <Module skippedDueTo="Filter" hash="0C-9C-6E-C8-BB-14-8F-D9-84-AB-05-C3-62-92-0B-D2-DD-A3-CF-F7">
      <ModulePath>C:\Program Files\dotnet\shared\Microsoft.NETCore.App\1.1.2\System.ObjectModel.dll</ModulePath>
      <ModuleTime>2017-04-28T09:14:42Z</ModuleTime>
      <ModuleName>System.ObjectModel</ModuleName>
      <Classes />
    </Module>
    <Module skippedDueTo="Filter" hash="E4-36-B3-6D-2F-DC-ED-1B-71-D0-E0-50-BC-D8-57-EE-3E-42-E7-93">
      <ModulePath>C:\Program Files\dotnet\sdk\1.0.4\System.Xml.XmlDocument.dll</ModulePath>
      <ModuleTime>2017-05-04T12:17:42Z</ModuleTime>
      <ModuleName>System.Xml.XmlDocument</ModuleName>
      <Classes />
    </Module>
    <Module skippedDueTo="Filter" hash="ED-44-0C-52-83-56-5A-A4-F7-3F-CF-A6-14-00-2E-CC-69-29-77-45">
      <ModulePath>C:\Program Files\dotnet\shared\Microsoft.NETCore.App\1.1.2\System.Xml.ReaderWriter.dll</ModulePath>
      <ModuleTime>2017-04-28T09:14:44Z</ModuleTime>
      <ModuleName>System.Xml.ReaderWriter</ModuleName>
      <Classes />
    </Module>
    <Module skippedDueTo="Filter" hash="BA-85-18-37-1F-3E-E8-7F-BA-F2-C9-40-E1-5C-6E-4E-E4-59-E9-DD">
      <ModulePath>C:\Program Files\dotnet\shared\Microsoft.NETCore.App\1.1.2\System.Threading.Tasks.Dataflow.dll</ModulePath>
      <ModuleTime>2017-04-28T09:14:44Z</ModuleTime>
      <ModuleName>System.Threading.Tasks.Dataflow</ModuleName>
      <Classes />
    </Module>
    <Module skippedDueTo="Filter" hash="EC-3F-DD-FA-6A-85-25-D4-08-20-13-BB-37-41-01-E4-CC-7E-77-18">
      <ModulePath>C:\Program Files\dotnet\shared\Microsoft.NETCore.App\1.1.2\System.Private.Uri.dll</ModulePath>
      <ModuleTime>2017-04-28T09:14:42Z</ModuleTime>
      <ModuleName>System.Private.Uri</ModuleName>
      <Classes />
    </Module>
    <Module skippedDueTo="Filter" hash="3A-59-23-69-14-25-FD-1A-2B-F8-46-11-A9-A9-27-E3-DB-04-E6-3A">
      <ModulePath>C:\Program Files\dotnet\shared\Microsoft.NETCore.App\1.1.2\System.Diagnostics.Tracing.dll</ModulePath>
      <ModuleTime>2017-04-28T09:14:42Z</ModuleTime>
      <ModuleName>System.Diagnostics.Tracing</ModuleName>
      <Classes />
    </Module>
    <Module skippedDueTo="Filter" hash="B2-79-8E-42-79-66-46-E5-BB-FA-80-DB-A4-98-64-E6-F3-34-CE-87">
      <ModulePath>C:\Program Files\dotnet\shared\Microsoft.NETCore.App\1.1.2\System.Collections.Concurrent.dll</ModulePath>
      <ModuleTime>2017-04-28T09:14:42Z</ModuleTime>
      <ModuleName>System.Collections.Concurrent</ModuleName>
      <Classes />
    </Module>
    <Module skippedDueTo="Filter" hash="3B-D7-1E-C0-84-4C-02-CB-97-4A-8E-2A-A0-0A-52-F7-08-D3-F0-8A">
      <ModulePath>C:\Program Files\dotnet\shared\Microsoft.NETCore.App\1.1.2\System.Reflection.Extensions.dll</ModulePath>
      <ModuleTime>2017-04-28T09:14:42Z</ModuleTime>
      <ModuleName>System.Reflection.Extensions</ModuleName>
      <Classes />
    </Module>
    <Module skippedDueTo="Filter" hash="56-E7-FE-76-AE-7C-2C-1F-18-49-23-EF-CB-03-07-CF-59-B2-70-00">
      <ModulePath>C:\Program Files\dotnet\shared\Microsoft.NETCore.App\1.1.2\System.Resources.ResourceManager.dll</ModulePath>
      <ModuleTime>2017-04-28T09:14:42Z</ModuleTime>
      <ModuleName>System.Resources.ResourceManager</ModuleName>
      <Classes />
    </Module>
    <Module skippedDueTo="Filter" hash="BC-CE-1D-B5-26-1A-F7-ED-59-2F-FB-AB-2E-B3-35-FE-4C-63-0C-F7">
      <ModulePath>C:\Program Files\dotnet\shared\Microsoft.NETCore.App\1.1.2\System.Reflection.Primitives.dll</ModulePath>
      <ModuleTime>2017-04-28T09:14:42Z</ModuleTime>
      <ModuleName>System.Reflection.Primitives</ModuleName>
      <Classes />
    </Module>
    <Module skippedDueTo="Filter" hash="E4-36-B3-6D-2F-DC-ED-1B-71-D0-E0-50-BC-D8-57-EE-3E-42-E7-93">
      <ModulePath>C:\Program Files\dotnet\sdk\1.0.4\System.Xml.XmlDocument.dll</ModulePath>
      <ModuleTime>2017-05-04T12:17:42Z</ModuleTime>
      <ModuleName>System.Xml.XmlDocument</ModuleName>
      <Classes />
    </Module>
    <Module skippedDueTo="Filter" hash="0C-9C-6E-C8-BB-14-8F-D9-84-AB-05-C3-62-92-0B-D2-DD-A3-CF-F7">
      <ModulePath>C:\Program Files\dotnet\shared\Microsoft.NETCore.App\1.1.2\System.ObjectModel.dll</ModulePath>
      <ModuleTime>2017-04-28T09:14:42Z</ModuleTime>
      <ModuleName>System.ObjectModel</ModuleName>
      <Classes />
    </Module>
    <Module skippedDueTo="Filter" hash="ED-44-0C-52-83-56-5A-A4-F7-3F-CF-A6-14-00-2E-CC-69-29-77-45">
      <ModulePath>C:\Program Files\dotnet\shared\Microsoft.NETCore.App\1.1.2\System.Xml.ReaderWriter.dll</ModulePath>
      <ModuleTime>2017-04-28T09:14:44Z</ModuleTime>
      <ModuleName>System.Xml.ReaderWriter</ModuleName>
      <Classes />
    </Module>
    <Module skippedDueTo="Filter" hash="EC-3F-DD-FA-6A-85-25-D4-08-20-13-BB-37-41-01-E4-CC-7E-77-18">
      <ModulePath>C:\Program Files\dotnet\shared\Microsoft.NETCore.App\1.1.2\System.Private.Uri.dll</ModulePath>
      <ModuleTime>2017-04-28T09:14:42Z</ModuleTime>
      <ModuleName>System.Private.Uri</ModuleName>
      <Classes />
    </Module>
    <Module skippedDueTo="Filter" hash="BA-85-18-37-1F-3E-E8-7F-BA-F2-C9-40-E1-5C-6E-4E-E4-59-E9-DD">
      <ModulePath>C:\Program Files\dotnet\shared\Microsoft.NETCore.App\1.1.2\System.Threading.Tasks.Dataflow.dll</ModulePath>
      <ModuleTime>2017-04-28T09:14:44Z</ModuleTime>
      <ModuleName>System.Threading.Tasks.Dataflow</ModuleName>
      <Classes />
    </Module>
    <Module skippedDueTo="Filter" hash="3A-59-23-69-14-25-FD-1A-2B-F8-46-11-A9-A9-27-E3-DB-04-E6-3A">
      <ModulePath>C:\Program Files\dotnet\shared\Microsoft.NETCore.App\1.1.2\System.Diagnostics.Tracing.dll</ModulePath>
      <ModuleTime>2017-04-28T09:14:42Z</ModuleTime>
      <ModuleName>System.Diagnostics.Tracing</ModuleName>
      <Classes />
    </Module>
    <Module skippedDueTo="Filter" hash="B2-79-8E-42-79-66-46-E5-BB-FA-80-DB-A4-98-64-E6-F3-34-CE-87">
      <ModulePath>C:\Program Files\dotnet\shared\Microsoft.NETCore.App\1.1.2\System.Collections.Concurrent.dll</ModulePath>
      <ModuleTime>2017-04-28T09:14:42Z</ModuleTime>
      <ModuleName>System.Collections.Concurrent</ModuleName>
      <Classes />
    </Module>
    <Module skippedDueTo="MissingPdb" hash="2C-C0-50-46-90-A8-A1-D6-EB-02-51-A8-52-5F-72-2B-B6-9E-3B-06">
      <ModulePath>C:\Program Files\dotnet\sdk\1.0.4\Microsoft.Build.Utilities.Core.dll</ModulePath>
[...]
      <ModulePath>C:\Users\User\.nuget\packages\system.net.http\4.3.0\runtimes\win\lib\netstandard1.3\System.Net.Http.dll</ModulePath>
      <ModuleTime>2016-11-05T02:56:30Z</ModuleTime>
      <ModuleName>System.Net.Http</ModuleName>
      <Classes />
    </Module>
    <Module skippedDueTo="Filter" hash="C7-D3-CE-64-98-8F-AA-2C-F9-59-17-8D-60-4E-BC-3E-0F-F1-18-6D">
      <ModulePath>C:\Users\User\.nuget\packages\system.private.datacontractserialization\4.1.1\lib\netstandard1.3\System.Private.DataContractSerialization.dll</ModulePath>
      <ModuleTime>2016-06-11T20:14:10Z</ModuleTime>
      <ModuleName>System.Private.DataContractSerialization</ModuleName>
      <Classes />
    </Module>
    <Module skippedDueTo="Filter" hash="6F-C2-23-90-31-2B-7E-FE-8C-C7-37-7D-07-8B-9F-6B-C0-62-73-CE">
      <ModulePath>C:\Users\User\.nuget\packages\system.reflection.emit\4.3.0\lib\netstandard1.3\System.Reflection.Emit.dll</ModulePath>
      <ModuleTime>2016-11-05T02:56:44Z</ModuleTime>
      <ModuleName>System.Reflection.Emit</ModuleName>
      <Classes />
    </Module>
    <Module skippedDueTo="Filter" hash="A3-D5-A1-3F-3B-81-FB-59-16-C6-DA-F2-AF-65-FA-27-CC-46-99-EA">
      <ModulePath>C:\Users\User\.nuget\packages\system.runtime.serialization.json\4.0.2\lib\netstandard1.3\System.Runtime.Serialization.Json.dll</ModulePath>
      <ModuleTime>2016-06-11T20:14:30Z</ModuleTime>
      <ModuleName>System.Runtime.Serialization.Json</ModuleName>
      <Classes />
    </Module>
    <Module skippedDueTo="Filter" hash="BF-73-40-6F-F9-0F-6C-C0-BC-1E-E5-8C-82-A7-99-52-EB-CE-EA-1F">
      <ModulePath>C:\Users\User\.nuget\packages\system.security.cryptography.algorithms\4.3.0\runtimes\win\lib\netstandard1.6\System.Security.Cryptography.Algorithms.dll</ModulePath>
      <ModuleTime>2016-11-05T02:57:14Z</ModuleTime>
      <ModuleName>System.Security.Cryptography.Algorithms</ModuleName>
      <Classes />
    </Module>
    <Module skippedDueTo="Filter" hash="05-6F-2D-DB-CC-1F-0B-FF-E7-D5-3C-1E-70-25-8F-62-FB-45-9F-7D">
      <ModulePath>C:\Users\User\.nuget\packages\system.security.cryptography.primitives\4.3.0\lib\netstandard1.3\System.Security.Cryptography.Primitives.dll</ModulePath>
      <ModuleTime>2016-11-05T02:57:18Z</ModuleTime>
      <ModuleName>System.Security.Cryptography.Primitives</ModuleName>
      <Classes />
    </Module>
    <Module skippedDueTo="Filter" hash="AB-FB-C4-C5-B5-D2-B4-AA-6F-4B-85-29-B2-44-46-3B-DF-19-94-C5">
      <ModulePath>C:\Users\User\.nuget\packages\system.security.cryptography.encoding\4.3.0\runtimes\win\lib\netstandard1.3\System.Security.Cryptography.Encoding.dll</ModulePath>
      <ModuleTime>2016-11-05T02:57:08Z</ModuleTime>
      <ModuleName>System.Security.Cryptography.Encoding</ModuleName>
      <Classes />
    </Module>
    <Module skippedDueTo="Filter" hash="D6-74-C8-45-32-E2-4F-A8-5F-CA-E4-F2-2F-08-BE-95-73-05-7B-E4">
      <ModulePath>C:\Users\User\.nuget\packages\system.security.cryptography.cng\4.3.0\runtimes\win\lib\netstandard1.6\System.Security.Cryptography.Cng.dll</ModulePath>
      <ModuleTime>2016-11-05T02:57:10Z</ModuleTime>
      <ModuleName>System.Security.Cryptography.Cng</ModuleName>
      <Classes />
    </Module>
    <Module skippedDueTo="Filter" hash="F7-24-95-10-3B-88-69-E8-42-A0-1D-95-9B-09-AF-2D-F3-A2-30-E6">
      <ModulePath>C:\Users\User\.nuget\packages\system.security.cryptography.csp\4.3.0\runtimes\win\lib\netstandard1.3\System.Security.Cryptography.Csp.dll</ModulePath>
      <ModuleTime>2016-11-05T02:57:08Z</ModuleTime>
      <ModuleName>System.Security.Cryptography.Csp</ModuleName>
      <Classes />
    </Module>
    <Module skippedDueTo="Filter" hash="0D-BE-1D-43-E2-C0-E5-57-F6-51-59-0E-C7-51-FB-CE-A5-FC-54-06">
      <ModulePath>C:\Users\User\.nuget\packages\system.security.cryptography.openssl\4.3.0\lib\netstandard1.6\System.Security.Cryptography.OpenSsl.dll</ModulePath>
      <ModuleTime>2016-11-05T02:57:06Z</ModuleTime>
      <ModuleName>System.Security.Cryptography.OpenSsl</ModuleName>
      <Classes />
    </Module>
    <Module skippedDueTo="Filter" hash="B1-72-E5-80-28-18-ED-96-42-12-73-A7-4F-0F-36-EC-7E-AF-64-22">
      <ModulePath>C:\Users\User\.nuget\packages\system.security.cryptography.x509certificates\4.3.0\runtimes\win\lib\netstandard1.6\System.Security.Cryptography.X509Certificates.dll</ModulePath>
      <ModuleTime>2016-11-05T02:57:18Z</ModuleTime>
      <ModuleName>System.Security.Cryptography.X509Certificates</ModuleName>
      <Classes />
    </Module>
    <Module skippedDueTo="Filter" hash="A4-1F-10-0A-20-C5-29-53-C4-86-B3-7B-BE-95-D0-F5-6B-3E-59-7D">
      <ModulePath>C:\Users\User\.nuget\packages\system.text.encoding.codepages\4.0.1\runtimes\win\lib\netstandard1.3\System.Text.Encoding.CodePages.dll</ModulePath>
      <ModuleTime>2016-06-11T20:14:46Z</ModuleTime>
      <ModuleName>System.Text.Encoding.CodePages</ModuleName>
      <Classes />
    </Module>
    <Module skippedDueTo="Filter" hash="9C-75-55-9F-AD-D5-06-26-64-CB-04-EC-20-DB-A3-7F-FE-FD-2E-4E">
      <ModulePath>C:\Users\User\.nuget\packages\system.threading.tasks.extensions\4.3.0\lib\netstandard1.0\System.Threading.Tasks.Extensions.dll</ModulePath>
      <ModuleTime>2016-11-05T02:57:24Z</ModuleTime>
      <ModuleName>System.Threading.Tasks.Extensions</ModuleName>
      <Classes />
    </Module>
    <Module skippedDueTo="Filter" hash="9C-B1-3B-73-E7-9B-0B-53-00-17-6E-DB-4D-C3-0F-12-02-3B-97-25">
      <ModulePath>C:\Users\User\.nuget\packages\system.valuetuple\4.3.0\lib\netstandard1.0\System.ValueTuple.dll</ModulePath>
      <ModuleTime>2016-11-05T02:57:30Z</ModuleTime>
      <ModuleName>System.ValueTuple</ModuleName>
      <Classes />
    </Module>
    <Module skippedDueTo="Filter" hash="94-14-14-1D-0D-EF-E1-65-8E-52-02-EC-1D-EA-EB-16-8A-B8-D8-E1">
      <ModulePath>C:\Users\User\.nuget\packages\system.xml.xmlserializer\4.3.0\lib\netstandard1.3\System.Xml.XmlSerializer.dll</ModulePath>
      <ModuleTime>2016-11-05T02:57:36Z</ModuleTime>
      <ModuleName>System.Xml.XmlSerializer</ModuleName>
      <Classes />
    </Module>
    <Module skippedDueTo="Filter" hash="55-7B-03-C0-42-80-4F-6A-4B-DA-70-E9-16-9A-D3-3A-58-4C-79-0D">
      <ModulePath>C:\Users\User\.nuget\packages\system.xml.xpath\4.0.1\lib\netstandard1.3\System.Xml.XPath.dll</ModulePath>
      <ModuleTime>2016-06-11T20:15:06Z</ModuleTime>
      <ModuleName>System.Xml.XPath</ModuleName>
      <Classes />
    </Module>
    <Module skippedDueTo="Filter" hash="D8-90-16-BE-1D-38-A7-76-A7-D7-6C-7F-39-02-C4-27-3F-C3-53-48">
      <ModulePath>C:\Users\User\.nuget\packages\system.xml.xpath.xdocument\4.0.1\lib\netstandard1.3\System.Xml.XPath.XDocument.dll</ModulePath>
      <ModuleTime>2016-06-11T20:15:02Z</ModuleTime>
      <ModuleName>System.Xml.XPath.XDocument</ModuleName>
      <Classes />
    </Module>
    <Module skippedDueTo="Filter" hash="53-54-24-5E-85-2F-DC-31-01-9F-64-96-C1-B7-CA-E0-56-B4-71-FF">
      <ModulePath>C:\Users\User\.nuget\packages\system.xml.xpath.xmldocument\4.0.1\lib\netstandard1.3\System.Xml.XPath.XmlDocument.dll</ModulePath>
      <ModuleTime>2016-06-11T20:15:02Z</ModuleTime>
      <ModuleName>System.Xml.XPath.XmlDocument</ModuleName>
      <Classes />
    </Module>
    <Module skippedDueTo="MissingPdb" hash="8B-3E-B0-DD-85-1A-6F-D8-86-4B-F4-A7-2F-45-5D-9F-2C-B3-13-87">
      <ModulePath>C:\Users\User\.nuget\packages\xunit.assert\2.2.0\lib\netstandard1.1\xunit.assert.dll</ModulePath>
      <ModuleTime>2017-02-19T13:18:04Z</ModuleTime>
      <ModuleName>xunit.assert</ModuleName>
      <Classes />
    </Module>
    <Module skippedDueTo="MissingPdb" hash="B4-1C-0E-F5-FD-FF-9B-C4-1E-A4-FC-70-D7-8F-C0-AC-9B-CC-1F-13">
      <ModulePath>C:\Users\User\.nuget\packages\xunit.extensibility.core\2.2.0\lib\netstandard1.1\xunit.core.dll</ModulePath>
      <ModuleTime>2017-02-19T13:18:04Z</ModuleTime>
      <ModuleName>xunit.core</ModuleName>
      <Classes />
    </Module>
    <Module skippedDueTo="MissingPdb" hash="D1-29-63-0D-B7-95-A9-9D-B7-D4-08-A3-6F-81-87-4F-15-19-B9-C7">
      <ModulePath>C:\Users\User\.nuget\packages\xunit.extensibility.execution\2.2.0\lib\netstandard1.1\xunit.execution.dotnet.dll</ModulePath>
      <ModuleTime>2017-02-19T13:18:04Z</ModuleTime>
      <ModuleName>xunit.execution.dotnet</ModuleName>
      <Classes />
    </Module>
    <Module skippedDueTo="MissingPdb" hash="C8-B9-4F-75-0D-4E-BA-28-D7-D6-21-EA-EB-CC-8F-E9-3A-36-DB-44">
      <ModulePath>C:\Work\Repos\NWheels\Source\NWheels.Implementation.UnitTests\bin\Debug\netcoreapp1.0\NWheels.Compilation.Adapters.Roslyn.dll</ModulePath>
      <ModuleTime>2017-06-28T20:32:27.5479683Z</ModuleTime>
      <ModuleName>NWheels.Compilation.Adapters.Roslyn</ModuleName>
      <Classes />
    </Module>
    <Module skippedDueTo="MissingPdb" hash="5E-DB-9F-9F-3C-FD-AC-E3-2A-63-74-E9-77-F5-0E-63-D2-27-81-3E">
      <ModulePath>C:\Work\Repos\NWheels\Source\NWheels.Implementation.UnitTests\bin\Debug\netcoreapp1.0\NWheels.Injection.Adapters.Autofac.dll</ModulePath>
      <ModuleTime>2017-06-28T20:32:25.9205336Z</ModuleTime>
      <ModuleName>NWheels.Injection.Adapters.Autofac</ModuleName>
      <Classes />
    </Module>
    <Module skippedDueTo="MissingPdb" hash="65-1E-B7-C3-01-96-B5-3A-17-BF-F4-EE-66-7B-81-21-87-F9-BF-F4">
      <ModulePath>C:\Work\Repos\NWheels\Source\NWheels.Implementation.UnitTests\bin\Debug\netcoreapp1.0\NWheels.Testability.dll</ModulePath>
      <ModuleTime>2017-06-28T20:32:27.0790503Z</ModuleTime>
      <ModuleName>NWheels.Testability</ModuleName>
      <Classes />
    </Module>
    <Module skippedDueTo="MissingPdb" hash="E2-5C-06-D7-81-A8-7B-43-A2-D5-5F-2F-3C-49-79-65-75-F5-CD-25">
      <ModulePath>C:\Program Files\dotnet\shared\Microsoft.NETCore.App\1.0.5\Microsoft.CodeAnalysis.VisualBasic.dll</ModulePath>
      <ModuleTime>2017-04-20T13:14:38Z</ModuleTime>
      <ModuleName>Microsoft.CodeAnalysis.VisualBasic</ModuleName>
      <Classes />
    </Module>
    <Module skippedDueTo="MissingPdb" hash="AD-CB-A1-23-4B-FC-80-0E-D4-03-A4-78-1D-C6-F0-0E-21-04-4D-32">
      <ModulePath>C:\Program Files\dotnet\shared\Microsoft.NETCore.App\1.0.5\Microsoft.CSharp.dll</ModulePath>
      <ModuleTime>2017-04-20T13:14:38Z</ModuleTime>
      <ModuleName>Microsoft.CSharp</ModuleName>
      <Classes />
    </Module>
    <Module skippedDueTo="Filter" hash="96-39-E8-CB-6F-A6-E9-F3-68-1F-D7-45-EE-C2-C1-0C-B4-42-80-27">
      <ModulePath>C:\Program Files\dotnet\shared\Microsoft.NETCore.App\1.0.5\Microsoft.VisualBasic.dll</ModulePath>
      <ModuleTime>2017-04-20T13:14:38Z</ModuleTime>
      <ModuleName>Microsoft.VisualBasic</ModuleName>
      <Classes />
    </Module>
    <Module skippedDueTo="Filter" hash="CD-57-17-92-CF-50-85-B2-A1-45-7F-D1-51-42-C6-0A-AD-3F-01-C1">
      <ModulePath>C:\Program Files\dotnet\shared\Microsoft.NETCore.App\1.0.5\System.Diagnostics.Tools.dll</ModulePath>
      <ModuleTime>2017-04-20T13:14:38Z</ModuleTime>
      <ModuleName>System.Diagnostics.Tools</ModuleName>
      <Classes />
    </Module>
    <Module skippedDueTo="Filter" hash="D8-41-B7-62-F8-EA-DE-83-FA-50-49-30-F3-C3-20-06-BB-DD-A4-64">
      <ModulePath>C:\Program Files\dotnet\shared\Microsoft.NETCore.App\1.0.5\System.Globalization.Calendars.dll</ModulePath>
      <ModuleTime>2017-04-20T13:14:38Z</ModuleTime>
      <ModuleName>System.Globalization.Calendars</ModuleName>
      <Classes />
    </Module>
    <Module skippedDueTo="Filter" hash="5A-1F-4A-68-3C-DF-30-17-11-32-D3-0B-A1-0D-02-D1-BB-C2-86-01">
      <ModulePath>C:\Program Files\dotnet\shared\Microsoft.NETCore.App\1.0.5\System.ComponentModel.Annotations.dll</ModulePath>
      <ModuleTime>2017-04-20T13:14:38Z</ModuleTime>
      <ModuleName>System.ComponentModel.Annotations</ModuleName>
      <Classes />
    </Module>
    <Module skippedDueTo="Filter" hash="FE-6D-BF-37-50-03-59-FB-7A-B1-70-CD-11-13-76-A0-55-61-81-7B">
      <ModulePath>C:\Program Files\dotnet\shared\Microsoft.NETCore.App\1.0.5\System.IO.FileSystem.Watcher.dll</ModulePath>
      <ModuleTime>2017-04-20T13:14:38Z</ModuleTime>
      <ModuleName>System.IO.FileSystem.Watcher</ModuleName>
      <Classes />
    </Module>
    <Module skippedDueTo="Filter" hash="57-90-21-F3-3B-5E-BA-84-D4-E7-B6-B1-85-A6-FD-CA-3D-C6-D7-A5">
      <ModulePath>C:\Program Files\dotnet\shared\Microsoft.NETCore.App\1.0.5\System.IO.MemoryMappedFiles.dll</ModulePath>
      <ModuleTime>2017-04-20T13:14:38Z</ModuleTime>
      <ModuleName>System.IO.MemoryMappedFiles</ModuleName>
      <Classes />
    </Module>
    <Module skippedDueTo="Filter" hash="99-9C-E6-8D-6A-84-34-37-3F-A0-94-EC-2B-32-E9-55-24-38-67-DE">
      <ModulePath>C:\Program Files\dotnet\shared\Microsoft.NETCore.App\1.0.5\System.IO.UnmanagedMemoryStream.dll</ModulePath>
      <ModuleTime>2017-04-20T13:14:38Z</ModuleTime>
      <ModuleName>System.IO.UnmanagedMemoryStream</ModuleName>
      <Classes />
    </Module>
    <Module skippedDueTo="Filter" hash="6B-6A-AA-3E-75-16-3D-54-E4-D1-24-4C-B2-0E-F9-7C-88-C8-8E-24">
      <ModulePath>C:\Program Files\dotnet\shared\Microsoft.NETCore.App\1.0.5\System.Linq.Parallel.dll</ModulePath>
      <ModuleTime>2017-04-20T13:14:38Z</ModuleTime>
      <ModuleName>System.Linq.Parallel</ModuleName>
      <Classes />
    </Module>
    <Module skippedDueTo="Filter" hash="C1-9A-70-07-41-88-56-60-15-EB-55-AF-B0-C0-63-74-06-CD-CC-B7">
      <ModulePath>C:\Program Files\dotnet\shared\Microsoft.NETCore.App\1.0.5\System.Linq.Queryable.dll</ModulePath>
      <ModuleTime>2017-04-20T13:14:38Z</ModuleTime>
      <ModuleName>System.Linq.Queryable</ModuleName>
      <Classes />
    </Module>
    <Module skippedDueTo="Filter" hash="9D-25-C2-A3-6E-D4-58-78-C8-1D-41-07-36-AA-77-D7-41-6B-AA-00">
      <ModulePath>C:\Program Files\dotnet\shared\Microsoft.NETCore.App\1.0.5\System.Net.Requests.dll</ModulePath>
      <ModuleTime>2017-04-20T13:14:38Z</ModuleTime>
      <ModuleName>System.Net.Requests</ModuleName>
      <Classes />
    </Module>
    <Module skippedDueTo="Filter" hash="6F-52-63-CB-44-52-4A-1E-4F-8E-C5-A8-5B-CD-2A-67-7B-D3-94-C9">
      <ModulePath>C:\Program Files\dotnet\shared\Microsoft.NETCore.App\1.0.5\System.Net.Security.dll</ModulePath>
      <ModuleTime>2017-04-20T13:14:38Z</ModuleTime>
      <ModuleName>System.Net.Security</ModuleName>
      <Classes />
    </Module>
    <Module skippedDueTo="Filter" hash="00-EA-1B-F5-0E-1C-CC-EC-6C-52-8C-3A-7A-9F-7B-1E-3F-C3-77-78">
      <ModulePath>C:\Program Files\dotnet\shared\Microsoft.NETCore.App\1.0.5\System.Security.Principal.dll</ModulePath>
      <ModuleTime>2017-04-20T13:14:38Z</ModuleTime>
      <ModuleName>System.Security.Principal</ModuleName>
      <Classes />
    </Module>
    <Module skippedDueTo="Filter" hash="F3-EB-11-84-51-0A-5A-FF-EA-BD-94-C6-FC-44-08-D9-D8-B1-D3-8F">
      <ModulePath>C:\Program Files\dotnet\shared\Microsoft.NETCore.App\1.0.5\System.Net.WebHeaderCollection.dll</ModulePath>
      <ModuleTime>2017-04-20T13:14:38Z</ModuleTime>
      <ModuleName>System.Net.WebHeaderCollection</ModuleName>
      <Classes />
    </Module>
    <Module skippedDueTo="Filter" hash="3E-40-F0-2F-AB-A4-2B-03-91-83-52-B4-59-6C-3A-0D-37-B8-BD-60">
      <ModulePath>C:\Program Files\dotnet\shared\Microsoft.NETCore.App\1.0.5\System.Numerics.Vectors.dll</ModulePath>
      <ModuleTime>2017-04-20T13:14:38Z</ModuleTime>
      <ModuleName>System.Numerics.Vectors</ModuleName>
      <Classes />
    </Module>
    <Module skippedDueTo="Filter" hash="6B-15-05-5A-35-A9-B1-A9-C7-36-5F-49-22-4E-42-10-13-E9-F6-72">
      <ModulePath>C:\Program Files\dotnet\shared\Microsoft.NETCore.App\1.0.5\System.Reflection.DispatchProxy.dll</ModulePath>
      <ModuleTime>2017-04-20T13:14:38Z</ModuleTime>
      <ModuleName>System.Reflection.DispatchProxy</ModuleName>
      <Classes />
    </Module>
    <Module skippedDueTo="Filter" hash="44-90-23-9B-BB-84-81-5B-A4-C9-D2-3D-43-59-A9-87-70-CD-23-7B">
      <ModulePath>C:\Program Files\dotnet\shared\Microsoft.NETCore.App\1.0.5\System.Resources.Reader.dll</ModulePath>
      <ModuleTime>2017-04-20T13:14:38Z</ModuleTime>
      <ModuleName>System.Resources.Reader</ModuleName>
      <Classes />
    </Module>
    <Module skippedDueTo="Filter" hash="18-0D-F2-23-E2-76-3B-DD-E9-95-49-88-03-D6-5B-61-3B-0B-2F-8B">
      <ModulePath>C:\Program Files\dotnet\shared\Microsoft.NETCore.App\1.0.5\System.Security.Claims.dll</ModulePath>
      <ModuleTime>2017-04-20T13:14:38Z</ModuleTime>
      <ModuleName>System.Security.Claims</ModuleName>
      <Classes />
    </Module>
    <Module skippedDueTo="Filter" hash="DA-1C-9D-2B-3C-07-7E-FE-A0-EA-E1-D6-59-05-91-D7-54-F1-1B-CE">
      <ModulePath>C:\Program Files\dotnet\shared\Microsoft.NETCore.App\1.0.5\System.Security.Principal.Windows.dll</ModulePath>
      <ModuleTime>2017-04-20T13:14:38Z</ModuleTime>
      <ModuleName>System.Security.Principal.Windows</ModuleName>
      <Classes />
    </Module>
    <Module skippedDueTo="Filter" hash="B6-FC-53-88-B5-65-F7-2E-A3-A5-35-60-C7-7D-B4-3B-09-D0-0B-24">
      <ModulePath>C:\Program Files\dotnet\shared\Microsoft.NETCore.App\1.0.5\System.Threading.Tasks.Dataflow.dll</ModulePath>
      <ModuleTime>2017-04-20T13:14:38Z</ModuleTime>
      <ModuleName>System.Threading.Tasks.Dataflow</ModuleName>
      <Classes />
    </Module>
    <Module skippedDueTo="Filter" hash="51-0B-E7-E8-77-29-45-07-55-19-9B-DB-73-BB-C5-CE-CE-DC-43-C1">
      <ModulePath>C:\Program Files\dotnet\shared\Microsoft.NETCore.App\1.0.5\System.Threading.Tasks.Parallel.dll</ModulePath>
      <ModuleTime>2017-04-20T13:14:38Z</ModuleTime>
      <ModuleName>System.Threading.Tasks.Parallel</ModuleName>
      <Classes />
    </Module>
    <Module skippedDueTo="MissingPdb" hash="4C-41-23-CC-68-44-BC-96-7A-9A-5F-43-91-98-C4-D2-3C-39-96-7D">
      <ModulePath>C:\Work\Repos\NWheels\Source\NWheels.Implementation.UnitTests\bin\Debug\netcoreapp1.0\xunit.runner.reporters.netstandard15.dll</ModulePath>
      <ModuleTime>2017-02-19T13:24:26Z</ModuleTime>
      <ModuleName>xunit.runner.reporters.netstandard15</ModuleName>
      <Classes />
    </Module>
    <Module skippedDueTo="Filter" hash="81-CD-53-94-0B-4A-42-C6-E1-C9-B5-A0-9F-9C-08-A2-29-C8-37-C2">
      <ModulePath>C:\Program Files\dotnet\sdk\1.0.4\System.ComponentModel.TypeConverter.dll</ModulePath>
      <ModuleTime>2017-05-04T12:17:42Z</ModuleTime>
      <ModuleName>System.ComponentModel.TypeConverter</ModuleName>
      <Classes />
    </Module>
    <Module skippedDueTo="Filter" hash="F7-8F-A4-2F-64-69-5F-F0-AB-EF-BD-9A-D5-ED-C0-80-DE-EB-A0-60">
      <ModulePath>C:\Program Files\dotnet\sdk\1.0.4\System.Collections.NonGeneric.dll</ModulePath>
      <ModuleTime>2017-05-04T12:17:42Z</ModuleTime>
      <ModuleName>System.Collections.NonGeneric</ModuleName>
      <Classes />
    </Module>
    <Module skippedDueTo="Filter" hash="18-09-93-26-68-DE-11-C1-1F-66-BB-96-1B-C4-9F-79-F4-BF-25-6F">
      <ModulePath>C:\Program Files\dotnet\sdk\1.0.4\System.Collections.Specialized.dll</ModulePath>
      <ModuleTime>2017-05-04T12:17:42Z</ModuleTime>
      <ModuleName>System.Collections.Specialized</ModuleName>
      <Classes />
    </Module>
    <Module skippedDueTo="Filter" hash="6B-5F-AA-D0-1F-6F-2D-8D-0F-85-72-46-16-DA-E8-C1-1F-99-76-E6">
      <ModulePath>C:\Program Files\dotnet\sdk\1.0.4\System.ComponentModel.Primitives.dll</ModulePath>
      <ModuleTime>2017-05-04T12:17:42Z</ModuleTime>
      <ModuleName>System.ComponentModel.Primitives</ModuleName>
      <Classes />
    </Module>
    <Module skippedDueTo="MissingPdb" hash="">
      <ModulePath>RefEmit_InMemoryManifestModule</ModulePath>
      <ModuleTime>0001-01-01T00:00:00</ModuleTime>
      <ModuleName>Microsoft.GeneratedCode</ModuleName>
      <Classes />
    </Module>
    <Module skippedDueTo="MissingPdb" hash="">
      <ModulePath>RefEmit_InMemoryManifestModule</ModulePath>
      <ModuleTime>0001-01-01T00:00:00</ModuleTime>
      <ModuleName>Microsoft.GeneratedCode</ModuleName>
      <Classes />
    </Module>
  </Modules>
</CoverageSession>